14:51:08.276 [main                     ] DEBUG GameApplication      - Logger initialized
14:51:08.296 [main                     ] DEBUG GameApplication      - Logging settings
Title: Dungeon Crawler
Version: 0.1
Width: 960
Height: 640
Fullscreen: false
Intro: false
Menus: false
Profiling: false
Single step:false
App Mode: DEVELOPER
Menu Key: ESCAPE
Stage Style: DECORATED
Scene Factory: class com.almasb.fxgl.app.SceneFactory
Dialog Factory: class com.almasb.fxgl.ui.FXGLDialogFactory
UI Factory: class com.almasb.fxgl.ui.FXGLUIFactory

14:51:08.598 [JavaFX Application Thread] DEBUG Engine               - Initializing FXGL
14:51:08.598 [JavaFX Application Thread] INFO  Engine               - FXGL-11.6 (17.11.2019 19.24) on WINDOWS (J:11.0.1 FX:12.0.1)
14:51:08.598 [JavaFX Application Thread] INFO  Engine               - Source code and latest versions at: https://github.com/AlmasB/FXGL
14:51:08.598 [JavaFX Application Thread] INFO  Engine               -              Join the FXGL chat at: https://gitter.im/AlmasB/FXGL
14:51:08.598 [JavaFX Application Thread] DEBUG Engine               - Initializing environment variables
14:51:08.600 [JavaFX Application Thread] DEBUG Engine               - Logging environment variables
14:51:08.601 [JavaFX Application Thread] DEBUG Engine               - achievements: []
14:51:08.601 [JavaFX Application Thread] DEBUG Engine               - sceneStack: com.almasb.fxgl.app.Engine@41d07837
14:51:08.601 [JavaFX Application Thread] DEBUG Engine               - language: ObjectProperty [value: ENGLISH]
14:51:08.601 [JavaFX Application Thread] DEBUG Engine               - isCloseConfirmation: false
14:51:08.601 [JavaFX Application Thread] DEBUG Engine               - isProfilingEnabled: false
14:51:08.601 [JavaFX Application Thread] DEBUG Engine               - soundNotification: core/notification.wav
14:51:08.602 [JavaFX Application Thread] DEBUG Engine               - devShowBBoxProperty: BooleanProperty [value: false]
14:51:08.603 [JavaFX Application Thread] DEBUG Engine               - pixelsPerMeter: 50.0
14:51:08.603 [JavaFX Application Thread] DEBUG Engine               - overlayRoot: Group@24c6b104
14:51:08.603 [JavaFX Application Thread] DEBUG Engine               - appIcon: fxgl_icon.png
14:51:08.603 [JavaFX Application Thread] DEBUG Engine               - soundMenuBack: menu/back.wav
14:51:08.603 [JavaFX Application Thread] DEBUG Engine               - isFullScreenAllowed: false
14:51:08.603 [JavaFX Application Thread] DEBUG Engine               - isIntroEnabled: false
14:51:08.604 [JavaFX Application Thread] DEBUG Engine               - eventBus: com.almasb.fxgl.event.EventBus@48a37e2c
14:51:08.604 [JavaFX Application Thread] DEBUG Engine               - fontMono: lucida_console.ttf
14:51:08.604 [JavaFX Application Thread] DEBUG Engine               - soundMenuSelect: menu/select.wav
14:51:08.604 [JavaFX Application Thread] DEBUG Engine               - isWindows: true
14:51:08.604 [JavaFX Application Thread] DEBUG Engine               - isMobile: false
14:51:08.604 [JavaFX Application Thread] DEBUG Engine               - height: 640
14:51:08.604 [JavaFX Application Thread] DEBUG Engine               - isExperimentalNative: false
14:51:08.604 [JavaFX Application Thread] DEBUG Engine               - isSingleStep: false
14:51:08.605 [JavaFX Application Thread] DEBUG Engine               - cSSList: [fxgl_dark.css]
14:51:08.605 [JavaFX Application Thread] DEBUG Engine               - fontGame: Abel-Regular.ttf
14:51:08.605 [JavaFX Application Thread] DEBUG Engine               - menuKey: ESCAPE
14:51:08.605 [JavaFX Application Thread] DEBUG Engine               - devShowPositionProperty: BooleanProperty [value: false]
14:51:08.605 [JavaFX Application Thread] DEBUG Engine               - versionCheckDays: 7
14:51:08.605 [JavaFX Application Thread] DEBUG Engine               - masterTimer: com.almasb.fxgl.time.Timer@a70a6cf
14:51:08.605 [JavaFX Application Thread] DEBUG Engine               - configClass: Optional.empty
14:51:08.605 [JavaFX Application Thread] DEBUG Engine               - isFullScreenFromStart: false
14:51:08.605 [JavaFX Application Thread] DEBUG Engine               - version: 0.1
14:51:08.605 [JavaFX Application Thread] DEBUG Engine               - fullScreen: BooleanProperty [value: false]
14:51:08.606 [JavaFX Application Thread] DEBUG Engine               - dialogFactory: com.almasb.fxgl.ui.FXGLDialogFactory@6b1a81a
14:51:08.606 [JavaFX Application Thread] DEBUG Engine               - applicationMode: DEVELOPER
14:51:08.606 [JavaFX Application Thread] DEBUG Engine               - isMac: false
14:51:08.606 [JavaFX Application Thread] DEBUG Engine               - urlGoogleForms: https://goo.gl/forms/6wrMnOBxTE1fEpOy2
14:51:08.606 [JavaFX Application Thread] DEBUG Engine               - isMenuEnabled: false
14:51:08.606 [JavaFX Application Thread] DEBUG Engine               - urlPOM: https://raw.githubusercontent.com/AlmasB/FXGL/master/pom.xml
14:51:08.606 [JavaFX Application Thread] DEBUG Engine               - profileName: user.profile
14:51:08.606 [JavaFX Application Thread] DEBUG Engine               - devSensorColorProperty: ObjectProperty [value: 0xffff00ff]
14:51:08.607 [JavaFX Application Thread] DEBUG Engine               - notificationViewClass: class com.almasb.fxgl.notification.view.XboxNotificationView
14:51:08.607 [JavaFX Application Thread] DEBUG Engine               - sceneFactory: com.almasb.fxgl.app.SceneFactory@176e6759
14:51:08.607 [JavaFX Application Thread] DEBUG Engine               - dataFileExt: .dat
14:51:08.607 [JavaFX Application Thread] DEBUG Engine               - stageStyle: DECORATED
14:51:08.607 [JavaFX Application Thread] DEBUG Engine               - isManualResizeEnabled: false
14:51:08.607 [JavaFX Application Thread] DEBUG Engine               - title: Dungeon Crawler
14:51:08.607 [JavaFX Application Thread] DEBUG Engine               - platform: WINDOWS
14:51:08.607 [JavaFX Application Thread] DEBUG Engine               - devBBoxColorProperty: ObjectProperty [value: 0xff0000ff]
14:51:08.608 [JavaFX Application Thread] DEBUG Engine               - isDesktop: true
14:51:08.608 [JavaFX Application Thread] DEBUG Engine               - globalMusicVolumeProperty: DoubleProperty [value: 0.5]
14:51:08.608 [JavaFX Application Thread] DEBUG Engine               - credits: []
14:51:08.608 [JavaFX Application Thread] DEBUG Engine               - uIFactory: com.almasb.fxgl.ui.FXGLUIFactory@446f2986
14:51:08.608 [JavaFX Application Thread] DEBUG Engine               - isPreserveResizeRatio: false
14:51:08.608 [JavaFX Application Thread] DEBUG Engine               - fontText: Courier-Prime.ttf
14:51:08.608 [JavaFX Application Thread] DEBUG Engine               - isExperimentalTiledLargeMap: false
14:51:08.608 [JavaFX Application Thread] DEBUG Engine               - secondsIn24h: 60
14:51:08.608 [JavaFX Application Thread] DEBUG Engine               - runtimeInfo: RuntimeInfo(platform=WINDOWS, version=11.6, build=17.11.2019 19.24)
14:51:08.609 [JavaFX Application Thread] DEBUG Engine               - isLinux: false
14:51:08.609 [JavaFX Application Thread] DEBUG Engine               - soundMenuPress: menu/press.wav
14:51:08.609 [JavaFX Application Thread] DEBUG Engine               - urlGithub: https://github.com/AlmasB/FXGL
14:51:08.609 [JavaFX Application Thread] DEBUG Engine               - profileDir: profiles/
14:51:08.609 [JavaFX Application Thread] DEBUG Engine               - globalSoundVolumeProperty: DoubleProperty [value: 0.5]
14:51:08.609 [JavaFX Application Thread] DEBUG Engine               - isDeveloperMenuEnabled: false
14:51:08.609 [JavaFX Application Thread] DEBUG Engine               - isBrowser: false
14:51:08.609 [JavaFX Application Thread] DEBUG Engine               - globalSoundVolume: 0.5
14:51:08.609 [JavaFX Application Thread] DEBUG Engine               - urlLeaderboard: http://fxgl-top.herokuapp.com/
14:51:08.609 [JavaFX Application Thread] DEBUG Engine               - saveDir: saves/
14:51:08.610 [JavaFX Application Thread] DEBUG Engine               - engineServices: [class com.almasb.fxgl.audio.AudioPlayer, class com.almasb.fxgl.notification.impl.NotificationServiceProvider, class com.almasb.fxgl.achievement.AchievementManager, class com.almasb.fxgl.cutscene.CutsceneService, class com.almasb.fxgl.minigames.MiniGameService]
14:51:08.610 [JavaFX Application Thread] DEBUG Engine               - globalMusicVolume: 0.5
14:51:08.610 [JavaFX Application Thread] DEBUG Engine               - width: 960
14:51:08.610 [JavaFX Application Thread] DEBUG Engine               - saveFileExt: .sav
14:51:08.610 [JavaFX Application Thread] DEBUG Engine               - isAndroid: false
14:51:08.610 [JavaFX Application Thread] DEBUG Engine               - fontUI: VarelaRound-Regular.ttf
14:51:08.610 [JavaFX Application Thread] DEBUG Engine               - enabledMenuItems: []
14:51:08.610 [JavaFX Application Thread] DEBUG Engine               - isIOS: false
14:51:08.612 [JavaFX Application Thread] DEBUG Engine               - Adding new engine service: class com.almasb.fxgl.audio.AudioPlayer
14:51:08.613 [JavaFX Application Thread] DEBUG Engine               - Adding new engine service: class com.almasb.fxgl.notification.impl.NotificationServiceProvider
14:51:08.613 [JavaFX Application Thread] DEBUG Engine               - Adding new engine service: class com.almasb.fxgl.achievement.AchievementManager
14:51:08.614 [JavaFX Application Thread] DEBUG Engine               - Adding new engine service: class com.almasb.fxgl.cutscene.CutsceneService
14:51:08.614 [JavaFX Application Thread] DEBUG Engine               - Adding new engine service: class com.almasb.fxgl.minigames.MiniGameService
14:51:08.616 [JavaFX Application Thread] DEBUG Engine               - Loading localizations
14:51:08.618 [JavaFX Application Thread] DEBUG AssetLoader          - Loading from file system: /assets/properties/languages/english.properties
14:51:08.619 [JavaFX Application Thread] DEBUG AssetLoader          - Loading from file system: /assets/properties/languages/french.properties
14:51:08.620 [JavaFX Application Thread] DEBUG AssetLoader          - Loading from file system: /assets/properties/languages/german.properties
14:51:08.621 [JavaFX Application Thread] DEBUG AssetLoader          - Loading from file system: /assets/properties/languages/russian.properties
14:51:08.622 [JavaFX Application Thread] DEBUG AssetLoader          - Loading from file system: /assets/properties/languages/hungarian.properties
14:51:08.624 [JavaFX Application Thread] DEBUG Engine               - Registering font factories
14:51:08.624 [JavaFX Application Thread] DEBUG AssetLoader          - Loading from file system: /assets/ui/fonts/VarelaRound-Regular.ttf
14:51:08.738 [JavaFX Application Thread] DEBUG AssetLoader          - Loading from file system: /assets/ui/fonts/Abel-Regular.ttf
14:51:08.744 [JavaFX Application Thread] DEBUG AssetLoader          - Loading from file system: /assets/ui/fonts/lucida_console.ttf
14:51:08.753 [JavaFX Application Thread] DEBUG AssetLoader          - Loading from file system: /assets/ui/fonts/Courier-Prime.ttf
14:51:08.761 [JavaFX Application Thread] DEBUG Engine               - Setting UI factory
14:51:08.832 [JavaFX Application Thread] DEBUG AssetLoader          - Loading from file system: /assets/textures/fxgl_logo.png
14:51:08.875 [JavaFX Application Thread] DEBUG MainWindow           - Creating a JavaFX scene
14:51:08.906 [JavaFX Application Thread] DEBUG MainWindow           - Target settings size: 960.0 x 640.0
14:51:08.906 [JavaFX Application Thread] DEBUG MainWindow           - Scaled scene size:    960.0 x 640.0
14:51:08.907 [JavaFX Application Thread] DEBUG MainWindow           - Scaled ratio: (1.0, 1.0)
14:51:08.907 [JavaFX Application Thread] DEBUG MainWindow           - Set initial scene to FXGLStartupScene
14:51:08.912 [JavaFX Application Thread] DEBUG AssetLoader          - Loading from file system: /assets/textures/fxgl_icon.png
14:51:08.920 [JavaFX Application Thread] DEBUG Engine               - Applying CSS: fxgl_dark.css
14:51:08.920 [JavaFX Application Thread] DEBUG AssetLoader          - Loading from file system: /assets/ui/css/fxgl_dark.css
14:51:08.923 [JavaFX Application Thread] DEBUG AssetLoader          - Loading from file system: /assets/ui/cursors/fxgl_default.png
14:51:08.923 [JavaFX Application Thread] DEBUG MainWindow           - Opening main window
14:51:09.023 [JavaFX Application Thread] DEBUG MainWindow           - Window border size: (16.0, 39.0)
14:51:09.023 [JavaFX Application Thread] DEBUG MainWindow           - Scaled size: 960.0 x 640.0
14:51:09.023 [JavaFX Application Thread] DEBUG MainWindow           - Scaled ratio: (1.0, 1.0)
14:51:09.023 [JavaFX Application Thread] DEBUG MainWindow           - Scene size: 960.0 x 640.0
14:51:09.023 [JavaFX Application Thread] DEBUG MainWindow           - Stage size: 976.0 x 679.0
14:51:09.036 [FXGL Background Thread 1 ] DEBUG FS                   - Loaded FSServiceImpl
14:51:09.037 [FXGL Background Thread 1 ] DEBUG Engine               - Loading FXGL system data
14:51:09.040 [FXGL Background Thread 1 ] DEBUG FSServiceImpl        - Reading from: C:\Users\Ben\OneDrive\IdeaProjects\Games\Dungeon Crawler\system\fxgl.bundle
14:51:09.046 [FXGL Background Thread 1 ] DEBUG Engine               - Bundle FXGL: {}
14:51:09.047 [FXGL Background Thread 1 ] DEBUG Engine               - Initializing application scenes
14:51:09.067 [FXGL Background Thread 1 ] DEBUG GameWorld            - Game world initialized
14:51:09.095 [FXGL Background Thread 1 ] DEBUG PhysicsWorld         - Physics world initialized: appHeight=640, physics.ppm=50,0
14:51:09.096 [FXGL Background Thread 1 ] DEBUG GameScene            - Game scene initialized: 960x640
14:51:09.115 [FXGL Background Thread 1 ] DEBUG Input                - Registered new binding: Resume - Esc
14:51:09.115 [FXGL Background Thread 1 ] DEBUG AssetLoader          - Loading from file system: /assets/textures/pause_menu_bg.png
14:51:09.130 [FXGL Background Thread 1 ] DEBUG Input                - Registered new binding: Pause - Esc
14:51:09.130 [FXGL Background Thread 1 ] DEBUG Engine               - Application scenes initialized
14:51:09.132 [JavaFX Application Thread] DEBUG Engine               - Running preInit()
14:51:09.133 [JavaFX Application Thread] DEBUG Input                - Registered new binding: Left - A
14:51:09.133 [JavaFX Application Thread] DEBUG Input                - Registered new binding: Right - D
14:51:09.133 [JavaFX Application Thread] DEBUG Input                - Registered new binding: Up - W
14:51:09.133 [JavaFX Application Thread] DEBUG Input                - Registered new binding: Down - S
14:51:09.134 [JavaFX Application Thread] DEBUG Input                - Registered new binding: Attack - LMB
14:51:09.135 [JavaFX Application Thread] DEBUG Input                - Registered new binding: Screenshot - P
14:51:09.135 [JavaFX Application Thread] DEBUG Input                - Registered new binding: System info dump - CTRL+9
14:51:09.135 [JavaFX Application Thread] DEBUG Input                - Registered new binding: Restart - CTRL+R
14:51:09.135 [JavaFX Application Thread] DEBUG Engine               - generateDefaultProfile()
14:51:09.135 [JavaFX Application Thread] DEBUG Engine               - Creating default profile
14:51:09.135 [JavaFX Application Thread] DEBUG EventBus             - Firing event: SaveEvent
14:51:09.143 [JavaFX Application Thread] INFO  Engine               - FXGL initialization took: 0,527 sec
14:51:09.143 [JavaFX Application Thread] DEBUG LoopRunner           - Starting loop
14:51:09.162 [JavaFX Application Thread] DEBUG FXGLStartupScene     - STARTUP
14:51:09.162 [JavaFX Application Thread] DEBUG Engine               - Starting new game
14:51:09.167 [JavaFX Application Thread] DEBUG Input                - Clearing active input actions
14:51:09.167 [FXGL Background Thread 1 ] DEBUG InitAppTask          - Clearing previous game
14:51:09.167 [FXGL Background Thread 1 ] DEBUG GameWorld            - Clearing game world
14:51:09.167 [FXGL Background Thread 1 ] DEBUG PhysicsWorld         - Clearing physics world
14:51:09.167 [FXGL Background Thread 1 ] DEBUG GameScene            - Clearing game scene
14:51:09.167 [FXGL Background Thread 1 ] DEBUG InitAppTask          - Initializing Game
14:51:09.174 [FXGL Background Thread 1 ] DEBUG AssetLoader          - Loading from file system: /assets/levels/dungeon1.tmx
14:51:09.174 [JavaFX Application Thread] DEBUG Engine               - Removing overlay from FXGLStartupScene and adding to LoadingScene
14:51:09.175 [JavaFX Application Thread] DEBUG MainWindow           - FXGLStartupScene -> LoadingScene
14:51:09.189 [FXGL Background Thread 1 ] WARN  TMXLevelLoader       - TiledMap generated from 1.3.1. Supported version: 1.2.3. Some features may not be parsed fully.
14:51:09.202 [FXGL Background Thread 1 ] DEBUG TMXLevelLoader       - Parsed raw map: TiledMap(width=25, height=20, tilewidth=64, tileheight=64, orientation=orthogonal, layers=[Layer(width=25, height=20, name=Floor tile layer, type=tilelayer, visible=false, x=0, y=0, data=[0, 129, 5, 3, 3, 3, 3, 3, 3, 3, 3, 3, 5, 3, 226, 0, 0, 0, 0, 0, 0, 0, 0, 0, 0, 0, 129, 37, 35, 66, 100, 35, 35, 68, 165, 35, 35, 101, 35, 258, 0, 0, 0, 0, 0, 0, 0, 0, 0, 0, 0, 130, 69, 132, 130, 131, 132, 130, 131, 197, 130, 131, 133, 163, 258, 0, 0, 0, 0, 0, 0, 0, 0, 0, 0, 0, 162, 163, 164, 162, 163, 164, 162, 163, 164, 162, 163, 164, 130, 258, 0, 0, 0, 0, 0, 0, 0, 0, 0, 0, 0, 194, 195, 130, 194, 195, 130, 194, 195, 130, 194, 195, 130, 131, 258, 0, 0, 0, 0, 0, 0, 0, 0, 0, 0, 0, 130, 131, 132, 130, 131, 132, 130, 131, 132, 130, 131, 132, 130, 258, 0, 0, 0, 0, 0, 0, 0, 0, 0, 0, 0, 162, 163, 164, 162, 163, 164, 162, 163, 164, 162, 163, 164, 130, 258, 0, 0, 0, 0, 0, 0, 0, 0, 0, 0, 0, 194, 195, 130, 194, 195, 130, 194, 195, 130, 194, 195, 130, 131, 258, 0, 0, 0, 0, 0, 0, 0, 0, 0, 0, 0, 162, 162, 162, 162, 130, 162, 130, 162, 162, 162, 163, 164, 130, 258, 0, 0, 0, 0, 0, 0, 0, 0, 0, 0, 0, 323, 35, 35, 35, 260, 130, 131, 132, 35, 35, 35, 35, 35, 290, 0, 0, 0, 0, 0, 0, 0, 0, 0, 0, 0, 0, 0, 0, 0, 0, 162, 163, 164, 0, 0, 0, 0, 0, 0, 0, 0, 0, 0, 0, 0, 0, 0, 0, 0, 0, 0, 0, 0, 0, 0, 130, 131, 132, 0, 0, 0, 0, 0, 0, 0, 0, 0, 0, 0, 0, 0, 0, 0, 0, 0, 0, 0, 0, 0, 0, 162, 163, 164, 0, 0, 0, 0, 0, 0, 0, 0, 0, 0, 0, 0, 0, 0, 0, 0, 0, 0, 0, 130, 131, 132, 130, 131, 132, 130, 131, 132, 0, 0, 0, 0, 0, 0, 0, 0, 0, 0, 0, 0, 0, 0, 0, 0, 162, 163, 164, 162, 163, 164, 162, 163, 164, 130, 131, 132, 130, 131, 132, 130, 131, 132, 130, 131, 132, 0, 0, 0, 0, 130, 131, 132, 130, 131, 132, 130, 131, 132, 162, 163, 164, 162, 163, 164, 162, 163, 164, 162, 358, 164, 0, 0, 0, 0, 162, 163, 164, 162, 163, 164, 162, 163, 164, 194, 195, 163, 194, 195, 163, 194, 195, 163, 194, 195, 163, 0, 0, 0, 0, 130, 131, 132, 130, 131, 132, 130, 131, 132, 0, 0, 0, 0, 0, 0, 0, 0, 0, 0, 0, 0, 0, 0, 0, 0, 162, 163, 164, 162, 163, 164, 162, 163, 164, 0, 0, 0, 0, 0, 0, 0, 0, 0, 0, 0, 0, 0, 0, 0, 0, 0, 0, 0, 0, 0, 0, 0, 0, 0, 0, 0, 0, 0, 0, 0, 0, 0, 0, 0, 0, 0, 0], objects=[], opacity=0.0, draworder=), Layer(width=0, height=0, name=Misc layer, type=objectgroup, visible=false, x=0, y=0, data=[], objects=[com.almasb.fxgl.entity.level.tiled.TiledObject@3860155e, com.almasb.fxgl.entity.level.tiled.TiledObject@4f1aba06, com.almasb.fxgl.entity.level.tiled.TiledObject@18027038], opacity=0.0, draworder=), Layer(width=25, height=20, name=Wall tile layer, type=tilelayer, visible=false, x=0, y=0, data=[225, 3, 0, 0, 0, 0, 0, 0, 0, 0, 0, 0, 0, 193, 0, 0, 0, 0, 0, 0, 0, 0, 0, 0, 0, 257, 35, 0, 0, 0, 0, 0, 0, 0, 0, 0, 0, 0, 193, 0, 0, 0, 0, 0, 0, 0, 0, 0, 0, 0, 257, 129, 0, 0, 0, 0, 0, 0, 0, 0, 0, 0, 0, 193, 0, 0, 0, 0, 0, 0, 0, 0, 0, 0, 0, 257, 129, 0, 0, 0, 0, 0, 0, 0, 0, 0, 0, 0, 193, 0, 0, 0, 0, 0, 0, 0, 0, 0, 0, 0, 257, 129, 0, 0, 0, 166, 0, 0, 0, 166, 0, 0, 0, 193, 0, 0, 0, 0, 0, 0, 0, 0, 0, 0, 0, 257, 129, 0, 0, 0, 198, 0, 0, 0, 198, 0, 0, 0, 193, 0, 0, 0, 0, 0, 0, 0, 0, 0, 0, 0, 257, 129, 0, 0, 0, 230, 0, 0, 0, 230, 0, 0, 0, 193, 0, 0, 0, 0, 0, 0, 0, 0, 0, 0, 0, 257, 129, 0, 0, 0, 0, 0, 0, 0, 0, 0, 0, 0, 193, 0, 0, 0, 0, 0, 0, 0, 0, 0, 0, 0, 257, 3, 3, 3, 3, 228, 33, 33, 33, 227, 3, 3, 3, 3, 0, 0, 0, 0, 0, 0, 0, 0, 0, 0, 0, 289, 0, 0, 0, 0, 260, 33, 0, 0, 259, 0, 0, 0, 0, 0, 0, 0, 0, 0, 0, 0, 0, 0, 0, 0, 0, 0, 0, 0, 0, 257, 0, 0, 0, 258, 0, 0, 0, 0, 0, 0, 0, 0, 0, 0, 0, 0, 0, 0, 0, 0, 0, 225, 3, 3, 292, 0, 0, 0, 291, 3, 3, 226, 0, 0, 0, 0, 0, 0, 0, 0, 0, 0, 0, 0, 0, 0, 257, 35, 35, 324, 0, 0, 0, 323, 35, 35, 291, 3, 3, 3, 3, 3, 3, 3, 3, 3, 3, 3, 226, 0, 0, 257, 193, 0, 0, 0, 0, 0, 0, 0, 161, 35, 35, 35, 35, 35, 35, 35, 35, 35, 35, 35, 35, 258, 0, 0, 257, 193, 0, 0, 0, 0, 0, 0, 0, 193, 0, 0, 0, 0, 0, 0, 0, 0, 0, 0, 0, 0, 258, 0, 0, 257, 193, 0, 0, 0, 0, 0, 0, 0, 193, 0, 0, 0, 0, 0, 0, 0, 0, 0, 0, 0, 0, 258, 0, 0, 257, 193, 0, 0, 0, 0, 0, 0, 0, 161, 227, 3, 3, 3, 3, 3, 3, 3, 3, 3, 3, 3, 258, 0, 0, 257, 193, 0, 0, 0, 0, 0, 0, 0, 161, 259, 35, 35, 35, 35, 35, 35, 35, 35, 35, 35, 35, 290, 0, 0, 257, 3, 3, 3, 3, 3, 3, 3, 3, 3, 258, 0, 0, 0, 0, 0, 0, 0, 0, 0, 0, 0, 0, 0, 0, 289, 35, 35, 35, 35, 35, 35, 35, 35, 35, 290, 0, 0, 0, 0, 0, 0, 0, 0, 0, 0, 0, 0], objects=[], opacity=0.0, draworder=), Layer(width=0, height=0, name=Wall Layer, type=objectgroup, visible=false, x=0, y=0, data=[], objects=[com.almasb.fxgl.entity.level.tiled.TiledObject@30bc9061, com.almasb.fxgl.entity.level.tiled.TiledObject@84ea9cd, com.almasb.fxgl.entity.level.tiled.TiledObject@121ef848, com.almasb.fxgl.entity.level.tiled.TiledObject@1916c983, com.almasb.fxgl.entity.level.tiled.TiledObject@4d7d7d58, com.almasb.fxgl.entity.level.tiled.TiledObject@3080a5fb, com.almasb.fxgl.entity.level.tiled.TiledObject@55b9c71b, com.almasb.fxgl.entity.level.tiled.TiledObject@7acc56fe, com.almasb.fxgl.entity.level.tiled.TiledObject@5c7d6342, com.almasb.fxgl.entity.level.tiled.TiledObject@69e7aa4b, com.almasb.fxgl.entity.level.tiled.TiledObject@727d2973, com.almasb.fxgl.entity.level.tiled.TiledObject@6a9eea64, com.almasb.fxgl.entity.level.tiled.TiledObject@5dcef306, com.almasb.fxgl.entity.level.tiled.TiledObject@9afbf06, com.almasb.fxgl.entity.level.tiled.TiledObject@128229f1, com.almasb.fxgl.entity.level.tiled.TiledObject@fd23c0f, com.almasb.fxgl.entity.level.tiled.TiledObject@25aea830, com.almasb.fxgl.entity.level.tiled.TiledObject@510d740c, com.almasb.fxgl.entity.level.tiled.TiledObject@5243027d, com.almasb.fxgl.entity.level.tiled.TiledObject@4cef7e7e, com.almasb.fxgl.entity.level.tiled.TiledObject@1c50a0fb, com.almasb.fxgl.entity.level.tiled.TiledObject@26470a69, com.almasb.fxgl.entity.level.tiled.TiledObject@6c5db436, com.almasb.fxgl.entity.level.tiled.TiledObject@5bf62b4d], opacity=0.0, draworder=)], tilesets=[Tileset(firstgid=1, image=0x72_DungeonTilesetII_v1.3 - Copy.png, name=0x72_DungeonTilesetII_v1.3 - Copy, tilewidth=64, tileheight=64, imagewidth=2048, imageheight=2048, margin=0, spacing=0, columns=32, tilecount=1024, transparentcolor=)], backgroundcolor=, renderorder=right-down, nextobjectid=37, version=1, tiledversion=1.3.1, type=map, infinite=false, properties={}, propertytypes={})
14:51:09.202 [FXGL Background Thread 1 ] DEBUG TMXLevelLoader       - Creating tile layer entities
14:51:09.203 [FXGL Background Thread 1 ] DEBUG TilesetLoader        - Loading view for layer Floor tile layer
14:51:09.206 [FXGL Background Thread 1 ] DEBUG TilesetLoader        - Created buffer with size 1600.0x1280.0
14:51:09.260 [FXGL Background Thread 1 ] DEBUG TilesetLoader        - Writing to buffer: dst=64,0, w=64,h=64, src=0,256
14:51:09.262 [FXGL Background Thread 1 ] DEBUG TilesetLoader        - Writing to buffer: dst=128,0, w=64,h=64, src=256,0
14:51:09.262 [FXGL Background Thread 1 ] DEBUG TilesetLoader        - Writing to buffer: dst=192,0, w=64,h=64, src=128,0
14:51:09.262 [FXGL Background Thread 1 ] DEBUG TilesetLoader        - Writing to buffer: dst=256,0, w=64,h=64, src=128,0
14:51:09.262 [FXGL Background Thread 1 ] DEBUG TilesetLoader        - Writing to buffer: dst=320,0, w=64,h=64, src=128,0
14:51:09.262 [FXGL Background Thread 1 ] DEBUG TilesetLoader        - Writing to buffer: dst=384,0, w=64,h=64, src=128,0
14:51:09.262 [FXGL Background Thread 1 ] DEBUG TilesetLoader        - Writing to buffer: dst=448,0, w=64,h=64, src=128,0
14:51:09.262 [FXGL Background Thread 1 ] DEBUG TilesetLoader        - Writing to buffer: dst=512,0, w=64,h=64, src=128,0
14:51:09.262 [FXGL Background Thread 1 ] DEBUG TilesetLoader        - Writing to buffer: dst=576,0, w=64,h=64, src=128,0
14:51:09.262 [FXGL Background Thread 1 ] DEBUG TilesetLoader        - Writing to buffer: dst=640,0, w=64,h=64, src=128,0
14:51:09.262 [FXGL Background Thread 1 ] DEBUG TilesetLoader        - Writing to buffer: dst=704,0, w=64,h=64, src=128,0
14:51:09.262 [FXGL Background Thread 1 ] DEBUG TilesetLoader        - Writing to buffer: dst=768,0, w=64,h=64, src=256,0
14:51:09.262 [FXGL Background Thread 1 ] DEBUG TilesetLoader        - Writing to buffer: dst=832,0, w=64,h=64, src=128,0
14:51:09.262 [FXGL Background Thread 1 ] DEBUG TilesetLoader        - Writing to buffer: dst=896,0, w=64,h=64, src=64,448
14:51:09.262 [FXGL Background Thread 1 ] DEBUG TilesetLoader        - Writing to buffer: dst=64,64, w=64,h=64, src=0,256
14:51:09.262 [FXGL Background Thread 1 ] DEBUG TilesetLoader        - Writing to buffer: dst=128,64, w=64,h=64, src=256,64
14:51:09.262 [FXGL Background Thread 1 ] DEBUG TilesetLoader        - Writing to buffer: dst=192,64, w=64,h=64, src=128,64
14:51:09.263 [FXGL Background Thread 1 ] DEBUG TilesetLoader        - Writing to buffer: dst=256,64, w=64,h=64, src=64,128
14:51:09.263 [FXGL Background Thread 1 ] DEBUG TilesetLoader        - Writing to buffer: dst=320,64, w=64,h=64, src=192,192
14:51:09.263 [FXGL Background Thread 1 ] DEBUG TilesetLoader        - Writing to buffer: dst=384,64, w=64,h=64, src=128,64
14:51:09.263 [FXGL Background Thread 1 ] DEBUG TilesetLoader        - Writing to buffer: dst=448,64, w=64,h=64, src=128,64
14:51:09.263 [FXGL Background Thread 1 ] DEBUG TilesetLoader        - Writing to buffer: dst=512,64, w=64,h=64, src=192,128
14:51:09.263 [FXGL Background Thread 1 ] DEBUG TilesetLoader        - Writing to buffer: dst=576,64, w=64,h=64, src=256,320
14:51:09.263 [FXGL Background Thread 1 ] DEBUG TilesetLoader        - Writing to buffer: dst=640,64, w=64,h=64, src=128,64
14:51:09.263 [FXGL Background Thread 1 ] DEBUG TilesetLoader        - Writing to buffer: dst=704,64, w=64,h=64, src=128,64
14:51:09.263 [FXGL Background Thread 1 ] DEBUG TilesetLoader        - Writing to buffer: dst=768,64, w=64,h=64, src=256,192
14:51:09.263 [FXGL Background Thread 1 ] DEBUG TilesetLoader        - Writing to buffer: dst=832,64, w=64,h=64, src=128,64
14:51:09.263 [FXGL Background Thread 1 ] DEBUG TilesetLoader        - Writing to buffer: dst=896,64, w=64,h=64, src=64,512
14:51:09.263 [FXGL Background Thread 1 ] DEBUG TilesetLoader        - Writing to buffer: dst=64,128, w=64,h=64, src=64,256
14:51:09.263 [FXGL Background Thread 1 ] DEBUG TilesetLoader        - Writing to buffer: dst=128,128, w=64,h=64, src=256,128
14:51:09.263 [FXGL Background Thread 1 ] DEBUG TilesetLoader        - Writing to buffer: dst=192,128, w=64,h=64, src=192,256
14:51:09.263 [FXGL Background Thread 1 ] DEBUG TilesetLoader        - Writing to buffer: dst=256,128, w=64,h=64, src=64,256
14:51:09.263 [FXGL Background Thread 1 ] DEBUG TilesetLoader        - Writing to buffer: dst=320,128, w=64,h=64, src=128,256
14:51:09.263 [FXGL Background Thread 1 ] DEBUG TilesetLoader        - Writing to buffer: dst=384,128, w=64,h=64, src=192,256
14:51:09.264 [FXGL Background Thread 1 ] DEBUG TilesetLoader        - Writing to buffer: dst=448,128, w=64,h=64, src=64,256
14:51:09.264 [FXGL Background Thread 1 ] DEBUG TilesetLoader        - Writing to buffer: dst=512,128, w=64,h=64, src=128,256
14:51:09.264 [FXGL Background Thread 1 ] DEBUG TilesetLoader        - Writing to buffer: dst=576,128, w=64,h=64, src=256,384
14:51:09.264 [FXGL Background Thread 1 ] DEBUG TilesetLoader        - Writing to buffer: dst=640,128, w=64,h=64, src=64,256
14:51:09.264 [FXGL Background Thread 1 ] DEBUG TilesetLoader        - Writing to buffer: dst=704,128, w=64,h=64, src=128,256
14:51:09.264 [FXGL Background Thread 1 ] DEBUG TilesetLoader        - Writing to buffer: dst=768,128, w=64,h=64, src=256,256
14:51:09.264 [FXGL Background Thread 1 ] DEBUG TilesetLoader        - Writing to buffer: dst=832,128, w=64,h=64, src=128,320
14:51:09.264 [FXGL Background Thread 1 ] DEBUG TilesetLoader        - Writing to buffer: dst=896,128, w=64,h=64, src=64,512
14:51:09.264 [FXGL Background Thread 1 ] DEBUG TilesetLoader        - Writing to buffer: dst=64,192, w=64,h=64, src=64,320
14:51:09.264 [FXGL Background Thread 1 ] DEBUG TilesetLoader        - Writing to buffer: dst=128,192, w=64,h=64, src=128,320
14:51:09.264 [FXGL Background Thread 1 ] DEBUG TilesetLoader        - Writing to buffer: dst=192,192, w=64,h=64, src=192,320
14:51:09.264 [FXGL Background Thread 1 ] DEBUG TilesetLoader        - Writing to buffer: dst=256,192, w=64,h=64, src=64,320
14:51:09.264 [FXGL Background Thread 1 ] DEBUG TilesetLoader        - Writing to buffer: dst=320,192, w=64,h=64, src=128,320
14:51:09.264 [FXGL Background Thread 1 ] DEBUG TilesetLoader        - Writing to buffer: dst=384,192, w=64,h=64, src=192,320
14:51:09.264 [FXGL Background Thread 1 ] DEBUG TilesetLoader        - Writing to buffer: dst=448,192, w=64,h=64, src=64,320
14:51:09.264 [FXGL Background Thread 1 ] DEBUG TilesetLoader        - Writing to buffer: dst=512,192, w=64,h=64, src=128,320
14:51:09.264 [FXGL Background Thread 1 ] DEBUG TilesetLoader        - Writing to buffer: dst=576,192, w=64,h=64, src=192,320
14:51:09.264 [FXGL Background Thread 1 ] DEBUG TilesetLoader        - Writing to buffer: dst=640,192, w=64,h=64, src=64,320
14:51:09.264 [FXGL Background Thread 1 ] DEBUG TilesetLoader        - Writing to buffer: dst=704,192, w=64,h=64, src=128,320
14:51:09.265 [FXGL Background Thread 1 ] DEBUG TilesetLoader        - Writing to buffer: dst=768,192, w=64,h=64, src=192,320
14:51:09.265 [FXGL Background Thread 1 ] DEBUG TilesetLoader        - Writing to buffer: dst=832,192, w=64,h=64, src=64,256
14:51:09.265 [FXGL Background Thread 1 ] DEBUG TilesetLoader        - Writing to buffer: dst=896,192, w=64,h=64, src=64,512
14:51:09.265 [FXGL Background Thread 1 ] DEBUG TilesetLoader        - Writing to buffer: dst=64,256, w=64,h=64, src=64,384
14:51:09.265 [FXGL Background Thread 1 ] DEBUG TilesetLoader        - Writing to buffer: dst=128,256, w=64,h=64, src=128,384
14:51:09.265 [FXGL Background Thread 1 ] DEBUG TilesetLoader        - Writing to buffer: dst=192,256, w=64,h=64, src=64,256
14:51:09.265 [FXGL Background Thread 1 ] DEBUG TilesetLoader        - Writing to buffer: dst=256,256, w=64,h=64, src=64,384
14:51:09.265 [FXGL Background Thread 1 ] DEBUG TilesetLoader        - Writing to buffer: dst=320,256, w=64,h=64, src=128,384
14:51:09.265 [FXGL Background Thread 1 ] DEBUG TilesetLoader        - Writing to buffer: dst=384,256, w=64,h=64, src=64,256
14:51:09.265 [FXGL Background Thread 1 ] DEBUG TilesetLoader        - Writing to buffer: dst=448,256, w=64,h=64, src=64,384
14:51:09.265 [FXGL Background Thread 1 ] DEBUG TilesetLoader        - Writing to buffer: dst=512,256, w=64,h=64, src=128,384
14:51:09.265 [FXGL Background Thread 1 ] DEBUG TilesetLoader        - Writing to buffer: dst=576,256, w=64,h=64, src=64,256
14:51:09.265 [FXGL Background Thread 1 ] DEBUG TilesetLoader        - Writing to buffer: dst=640,256, w=64,h=64, src=64,384
14:51:09.265 [FXGL Background Thread 1 ] DEBUG TilesetLoader        - Writing to buffer: dst=704,256, w=64,h=64, src=128,384
14:51:09.265 [FXGL Background Thread 1 ] DEBUG TilesetLoader        - Writing to buffer: dst=768,256, w=64,h=64, src=64,256
14:51:09.265 [FXGL Background Thread 1 ] DEBUG TilesetLoader        - Writing to buffer: dst=832,256, w=64,h=64, src=128,256
14:51:09.265 [FXGL Background Thread 1 ] DEBUG TilesetLoader        - Writing to buffer: dst=896,256, w=64,h=64, src=64,512
14:51:09.265 [FXGL Background Thread 1 ] DEBUG TilesetLoader        - Writing to buffer: dst=64,320, w=64,h=64, src=64,256
14:51:09.265 [FXGL Background Thread 1 ] DEBUG TilesetLoader        - Writing to buffer: dst=128,320, w=64,h=64, src=128,256
14:51:09.265 [FXGL Background Thread 1 ] DEBUG TilesetLoader        - Writing to buffer: dst=192,320, w=64,h=64, src=192,256
14:51:09.266 [FXGL Background Thread 1 ] DEBUG TilesetLoader        - Writing to buffer: dst=256,320, w=64,h=64, src=64,256
14:51:09.266 [FXGL Background Thread 1 ] DEBUG TilesetLoader        - Writing to buffer: dst=320,320, w=64,h=64, src=128,256
14:51:09.266 [FXGL Background Thread 1 ] DEBUG TilesetLoader        - Writing to buffer: dst=384,320, w=64,h=64, src=192,256
14:51:09.266 [FXGL Background Thread 1 ] DEBUG TilesetLoader        - Writing to buffer: dst=448,320, w=64,h=64, src=64,256
14:51:09.266 [FXGL Background Thread 1 ] DEBUG TilesetLoader        - Writing to buffer: dst=512,320, w=64,h=64, src=128,256
14:51:09.266 [FXGL Background Thread 1 ] DEBUG TilesetLoader        - Writing to buffer: dst=576,320, w=64,h=64, src=192,256
14:51:09.266 [FXGL Background Thread 1 ] DEBUG TilesetLoader        - Writing to buffer: dst=640,320, w=64,h=64, src=64,256
14:51:09.266 [FXGL Background Thread 1 ] DEBUG TilesetLoader        - Writing to buffer: dst=704,320, w=64,h=64, src=128,256
14:51:09.266 [FXGL Background Thread 1 ] DEBUG TilesetLoader        - Writing to buffer: dst=768,320, w=64,h=64, src=192,256
14:51:09.266 [FXGL Background Thread 1 ] DEBUG TilesetLoader        - Writing to buffer: dst=832,320, w=64,h=64, src=64,256
14:51:09.266 [FXGL Background Thread 1 ] DEBUG TilesetLoader        - Writing to buffer: dst=896,320, w=64,h=64, src=64,512
14:51:09.266 [FXGL Background Thread 1 ] DEBUG TilesetLoader        - Writing to buffer: dst=64,384, w=64,h=64, src=64,320
14:51:09.266 [FXGL Background Thread 1 ] DEBUG TilesetLoader        - Writing to buffer: dst=128,384, w=64,h=64, src=128,320
14:51:09.267 [FXGL Background Thread 1 ] DEBUG TilesetLoader        - Writing to buffer: dst=192,384, w=64,h=64, src=192,320
14:51:09.267 [FXGL Background Thread 1 ] DEBUG TilesetLoader        - Writing to buffer: dst=256,384, w=64,h=64, src=64,320
14:51:09.267 [FXGL Background Thread 1 ] DEBUG TilesetLoader        - Writing to buffer: dst=320,384, w=64,h=64, src=128,320
14:51:09.267 [FXGL Background Thread 1 ] DEBUG TilesetLoader        - Writing to buffer: dst=384,384, w=64,h=64, src=192,320
14:51:09.267 [FXGL Background Thread 1 ] DEBUG TilesetLoader        - Writing to buffer: dst=448,384, w=64,h=64, src=64,320
14:51:09.267 [FXGL Background Thread 1 ] DEBUG TilesetLoader        - Writing to buffer: dst=512,384, w=64,h=64, src=128,320
14:51:09.267 [FXGL Background Thread 1 ] DEBUG TilesetLoader        - Writing to buffer: dst=576,384, w=64,h=64, src=192,320
14:51:09.267 [FXGL Background Thread 1 ] DEBUG TilesetLoader        - Writing to buffer: dst=640,384, w=64,h=64, src=64,320
14:51:09.267 [FXGL Background Thread 1 ] DEBUG TilesetLoader        - Writing to buffer: dst=704,384, w=64,h=64, src=128,320
14:51:09.267 [FXGL Background Thread 1 ] DEBUG TilesetLoader        - Writing to buffer: dst=768,384, w=64,h=64, src=192,320
14:51:09.267 [FXGL Background Thread 1 ] DEBUG TilesetLoader        - Writing to buffer: dst=832,384, w=64,h=64, src=64,256
14:51:09.267 [FXGL Background Thread 1 ] DEBUG TilesetLoader        - Writing to buffer: dst=896,384, w=64,h=64, src=64,512
14:51:09.267 [FXGL Background Thread 1 ] DEBUG TilesetLoader        - Writing to buffer: dst=64,448, w=64,h=64, src=64,384
14:51:09.267 [FXGL Background Thread 1 ] DEBUG TilesetLoader        - Writing to buffer: dst=128,448, w=64,h=64, src=128,384
14:51:09.267 [FXGL Background Thread 1 ] DEBUG TilesetLoader        - Writing to buffer: dst=192,448, w=64,h=64, src=64,256
14:51:09.267 [FXGL Background Thread 1 ] DEBUG TilesetLoader        - Writing to buffer: dst=256,448, w=64,h=64, src=64,384
14:51:09.268 [FXGL Background Thread 1 ] DEBUG TilesetLoader        - Writing to buffer: dst=320,448, w=64,h=64, src=128,384
14:51:09.268 [FXGL Background Thread 1 ] DEBUG TilesetLoader        - Writing to buffer: dst=384,448, w=64,h=64, src=64,256
14:51:09.268 [FXGL Background Thread 1 ] DEBUG TilesetLoader        - Writing to buffer: dst=448,448, w=64,h=64, src=64,384
14:51:09.268 [FXGL Background Thread 1 ] DEBUG TilesetLoader        - Writing to buffer: dst=512,448, w=64,h=64, src=128,384
14:51:09.268 [FXGL Background Thread 1 ] DEBUG TilesetLoader        - Writing to buffer: dst=576,448, w=64,h=64, src=64,256
14:51:09.268 [FXGL Background Thread 1 ] DEBUG TilesetLoader        - Writing to buffer: dst=640,448, w=64,h=64, src=64,384
14:51:09.268 [FXGL Background Thread 1 ] DEBUG TilesetLoader        - Writing to buffer: dst=704,448, w=64,h=64, src=128,384
14:51:09.268 [FXGL Background Thread 1 ] DEBUG TilesetLoader        - Writing to buffer: dst=768,448, w=64,h=64, src=64,256
14:51:09.268 [FXGL Background Thread 1 ] DEBUG TilesetLoader        - Writing to buffer: dst=832,448, w=64,h=64, src=128,256
14:51:09.268 [FXGL Background Thread 1 ] DEBUG TilesetLoader        - Writing to buffer: dst=896,448, w=64,h=64, src=64,512
14:51:09.268 [FXGL Background Thread 1 ] DEBUG TilesetLoader        - Writing to buffer: dst=64,512, w=64,h=64, src=64,320
14:51:09.268 [FXGL Background Thread 1 ] DEBUG TilesetLoader        - Writing to buffer: dst=128,512, w=64,h=64, src=64,320
14:51:09.268 [FXGL Background Thread 1 ] DEBUG TilesetLoader        - Writing to buffer: dst=192,512, w=64,h=64, src=64,320
14:51:09.268 [FXGL Background Thread 1 ] DEBUG TilesetLoader        - Writing to buffer: dst=256,512, w=64,h=64, src=64,320
14:51:09.268 [FXGL Background Thread 1 ] DEBUG TilesetLoader        - Writing to buffer: dst=320,512, w=64,h=64, src=64,256
14:51:09.268 [FXGL Background Thread 1 ] DEBUG TilesetLoader        - Writing to buffer: dst=384,512, w=64,h=64, src=64,320
14:51:09.268 [FXGL Background Thread 1 ] DEBUG TilesetLoader        - Writing to buffer: dst=448,512, w=64,h=64, src=64,256
14:51:09.268 [FXGL Background Thread 1 ] DEBUG TilesetLoader        - Writing to buffer: dst=512,512, w=64,h=64, src=64,320
14:51:09.269 [FXGL Background Thread 1 ] DEBUG TilesetLoader        - Writing to buffer: dst=576,512, w=64,h=64, src=64,320
14:51:09.269 [FXGL Background Thread 1 ] DEBUG TilesetLoader        - Writing to buffer: dst=640,512, w=64,h=64, src=64,320
14:51:09.269 [FXGL Background Thread 1 ] DEBUG TilesetLoader        - Writing to buffer: dst=704,512, w=64,h=64, src=128,320
14:51:09.269 [FXGL Background Thread 1 ] DEBUG TilesetLoader        - Writing to buffer: dst=768,512, w=64,h=64, src=192,320
14:51:09.269 [FXGL Background Thread 1 ] DEBUG TilesetLoader        - Writing to buffer: dst=832,512, w=64,h=64, src=64,256
14:51:09.269 [FXGL Background Thread 1 ] DEBUG TilesetLoader        - Writing to buffer: dst=896,512, w=64,h=64, src=64,512
14:51:09.269 [FXGL Background Thread 1 ] DEBUG TilesetLoader        - Writing to buffer: dst=64,576, w=64,h=64, src=128,640
14:51:09.269 [FXGL Background Thread 1 ] DEBUG TilesetLoader        - Writing to buffer: dst=128,576, w=64,h=64, src=128,64
14:51:09.269 [FXGL Background Thread 1 ] DEBUG TilesetLoader        - Writing to buffer: dst=192,576, w=64,h=64, src=128,64
14:51:09.269 [FXGL Background Thread 1 ] DEBUG TilesetLoader        - Writing to buffer: dst=256,576, w=64,h=64, src=128,64
14:51:09.269 [FXGL Background Thread 1 ] DEBUG TilesetLoader        - Writing to buffer: dst=320,576, w=64,h=64, src=192,512
14:51:09.269 [FXGL Background Thread 1 ] DEBUG TilesetLoader        - Writing to buffer: dst=384,576, w=64,h=64, src=64,256
14:51:09.269 [FXGL Background Thread 1 ] DEBUG TilesetLoader        - Writing to buffer: dst=448,576, w=64,h=64, src=128,256
14:51:09.269 [FXGL Background Thread 1 ] DEBUG TilesetLoader        - Writing to buffer: dst=512,576, w=64,h=64, src=192,256
14:51:09.269 [FXGL Background Thread 1 ] DEBUG TilesetLoader        - Writing to buffer: dst=576,576, w=64,h=64, src=128,64
14:51:09.269 [FXGL Background Thread 1 ] DEBUG TilesetLoader        - Writing to buffer: dst=640,576, w=64,h=64, src=128,64
14:51:09.269 [FXGL Background Thread 1 ] DEBUG TilesetLoader        - Writing to buffer: dst=704,576, w=64,h=64, src=128,64
14:51:09.269 [FXGL Background Thread 1 ] DEBUG TilesetLoader        - Writing to buffer: dst=768,576, w=64,h=64, src=128,64
14:51:09.269 [FXGL Background Thread 1 ] DEBUG TilesetLoader        - Writing to buffer: dst=832,576, w=64,h=64, src=128,64
14:51:09.269 [FXGL Background Thread 1 ] DEBUG TilesetLoader        - Writing to buffer: dst=896,576, w=64,h=64, src=64,576
14:51:09.270 [FXGL Background Thread 1 ] DEBUG TilesetLoader        - Writing to buffer: dst=384,640, w=64,h=64, src=64,320
14:51:09.270 [FXGL Background Thread 1 ] DEBUG TilesetLoader        - Writing to buffer: dst=448,640, w=64,h=64, src=128,320
14:51:09.270 [FXGL Background Thread 1 ] DEBUG TilesetLoader        - Writing to buffer: dst=512,640, w=64,h=64, src=192,320
14:51:09.270 [FXGL Background Thread 1 ] DEBUG TilesetLoader        - Writing to buffer: dst=384,704, w=64,h=64, src=64,256
14:51:09.270 [FXGL Background Thread 1 ] DEBUG TilesetLoader        - Writing to buffer: dst=448,704, w=64,h=64, src=128,256
14:51:09.270 [FXGL Background Thread 1 ] DEBUG TilesetLoader        - Writing to buffer: dst=512,704, w=64,h=64, src=192,256
14:51:09.270 [FXGL Background Thread 1 ] DEBUG TilesetLoader        - Writing to buffer: dst=384,768, w=64,h=64, src=64,320
14:51:09.270 [FXGL Background Thread 1 ] DEBUG TilesetLoader        - Writing to buffer: dst=448,768, w=64,h=64, src=128,320
14:51:09.270 [FXGL Background Thread 1 ] DEBUG TilesetLoader        - Writing to buffer: dst=512,768, w=64,h=64, src=192,320
14:51:09.270 [FXGL Background Thread 1 ] DEBUG TilesetLoader        - Writing to buffer: dst=192,832, w=64,h=64, src=64,256
14:51:09.270 [FXGL Background Thread 1 ] DEBUG TilesetLoader        - Writing to buffer: dst=256,832, w=64,h=64, src=128,256
14:51:09.270 [FXGL Background Thread 1 ] DEBUG TilesetLoader        - Writing to buffer: dst=320,832, w=64,h=64, src=192,256
14:51:09.270 [FXGL Background Thread 1 ] DEBUG TilesetLoader        - Writing to buffer: dst=384,832, w=64,h=64, src=64,256
14:51:09.270 [FXGL Background Thread 1 ] DEBUG TilesetLoader        - Writing to buffer: dst=448,832, w=64,h=64, src=128,256
14:51:09.270 [FXGL Background Thread 1 ] DEBUG TilesetLoader        - Writing to buffer: dst=512,832, w=64,h=64, src=192,256
14:51:09.270 [FXGL Background Thread 1 ] DEBUG TilesetLoader        - Writing to buffer: dst=576,832, w=64,h=64, src=64,256
14:51:09.270 [FXGL Background Thread 1 ] DEBUG TilesetLoader        - Writing to buffer: dst=640,832, w=64,h=64, src=128,256
14:51:09.270 [FXGL Background Thread 1 ] DEBUG TilesetLoader        - Writing to buffer: dst=704,832, w=64,h=64, src=192,256
14:51:09.270 [FXGL Background Thread 1 ] DEBUG TilesetLoader        - Writing to buffer: dst=192,896, w=64,h=64, src=64,320
14:51:09.270 [FXGL Background Thread 1 ] DEBUG TilesetLoader        - Writing to buffer: dst=256,896, w=64,h=64, src=128,320
14:51:09.270 [FXGL Background Thread 1 ] DEBUG TilesetLoader        - Writing to buffer: dst=320,896, w=64,h=64, src=192,320
14:51:09.270 [FXGL Background Thread 1 ] DEBUG TilesetLoader        - Writing to buffer: dst=384,896, w=64,h=64, src=64,320
14:51:09.270 [FXGL Background Thread 1 ] DEBUG TilesetLoader        - Writing to buffer: dst=448,896, w=64,h=64, src=128,320
14:51:09.270 [FXGL Background Thread 1 ] DEBUG TilesetLoader        - Writing to buffer: dst=512,896, w=64,h=64, src=192,320
14:51:09.270 [FXGL Background Thread 1 ] DEBUG TilesetLoader        - Writing to buffer: dst=576,896, w=64,h=64, src=64,320
14:51:09.271 [FXGL Background Thread 1 ] DEBUG TilesetLoader        - Writing to buffer: dst=640,896, w=64,h=64, src=128,320
14:51:09.271 [FXGL Background Thread 1 ] DEBUG TilesetLoader        - Writing to buffer: dst=704,896, w=64,h=64, src=192,320
14:51:09.271 [FXGL Background Thread 1 ] DEBUG TilesetLoader        - Writing to buffer: dst=768,896, w=64,h=64, src=64,256
14:51:09.271 [FXGL Background Thread 1 ] DEBUG TilesetLoader        - Writing to buffer: dst=832,896, w=64,h=64, src=128,256
14:51:09.271 [FXGL Background Thread 1 ] DEBUG TilesetLoader        - Writing to buffer: dst=896,896, w=64,h=64, src=192,256
14:51:09.271 [FXGL Background Thread 1 ] DEBUG TilesetLoader        - Writing to buffer: dst=960,896, w=64,h=64, src=64,256
14:51:09.271 [FXGL Background Thread 1 ] DEBUG TilesetLoader        - Writing to buffer: dst=1024,896, w=64,h=64, src=128,256
14:51:09.271 [FXGL Background Thread 1 ] DEBUG TilesetLoader        - Writing to buffer: dst=1088,896, w=64,h=64, src=192,256
14:51:09.271 [FXGL Background Thread 1 ] DEBUG TilesetLoader        - Writing to buffer: dst=1152,896, w=64,h=64, src=64,256
14:51:09.271 [FXGL Background Thread 1 ] DEBUG TilesetLoader        - Writing to buffer: dst=1216,896, w=64,h=64, src=128,256
14:51:09.271 [FXGL Background Thread 1 ] DEBUG TilesetLoader        - Writing to buffer: dst=1280,896, w=64,h=64, src=192,256
14:51:09.271 [FXGL Background Thread 1 ] DEBUG TilesetLoader        - Writing to buffer: dst=1344,896, w=64,h=64, src=64,256
14:51:09.271 [FXGL Background Thread 1 ] DEBUG TilesetLoader        - Writing to buffer: dst=1408,896, w=64,h=64, src=128,256
14:51:09.271 [FXGL Background Thread 1 ] DEBUG TilesetLoader        - Writing to buffer: dst=1472,896, w=64,h=64, src=192,256
14:51:09.271 [FXGL Background Thread 1 ] DEBUG TilesetLoader        - Writing to buffer: dst=192,960, w=64,h=64, src=64,256
14:51:09.271 [FXGL Background Thread 1 ] DEBUG TilesetLoader        - Writing to buffer: dst=256,960, w=64,h=64, src=128,256
14:51:09.271 [FXGL Background Thread 1 ] DEBUG TilesetLoader        - Writing to buffer: dst=320,960, w=64,h=64, src=192,256
14:51:09.271 [FXGL Background Thread 1 ] DEBUG TilesetLoader        - Writing to buffer: dst=384,960, w=64,h=64, src=64,256
14:51:09.271 [FXGL Background Thread 1 ] DEBUG TilesetLoader        - Writing to buffer: dst=448,960, w=64,h=64, src=128,256
14:51:09.271 [FXGL Background Thread 1 ] DEBUG TilesetLoader        - Writing to buffer: dst=512,960, w=64,h=64, src=192,256
14:51:09.271 [FXGL Background Thread 1 ] DEBUG TilesetLoader        - Writing to buffer: dst=576,960, w=64,h=64, src=64,256
14:51:09.271 [FXGL Background Thread 1 ] DEBUG TilesetLoader        - Writing to buffer: dst=640,960, w=64,h=64, src=128,256
14:51:09.271 [FXGL Background Thread 1 ] DEBUG TilesetLoader        - Writing to buffer: dst=704,960, w=64,h=64, src=192,256
14:51:09.271 [FXGL Background Thread 1 ] DEBUG TilesetLoader        - Writing to buffer: dst=768,960, w=64,h=64, src=64,320
14:51:09.271 [FXGL Background Thread 1 ] DEBUG TilesetLoader        - Writing to buffer: dst=832,960, w=64,h=64, src=128,320
14:51:09.272 [FXGL Background Thread 1 ] DEBUG TilesetLoader        - Writing to buffer: dst=896,960, w=64,h=64, src=192,320
14:51:09.272 [FXGL Background Thread 1 ] DEBUG TilesetLoader        - Writing to buffer: dst=960,960, w=64,h=64, src=64,320
14:51:09.272 [FXGL Background Thread 1 ] DEBUG TilesetLoader        - Writing to buffer: dst=1024,960, w=64,h=64, src=128,320
14:51:09.272 [FXGL Background Thread 1 ] DEBUG TilesetLoader        - Writing to buffer: dst=1088,960, w=64,h=64, src=192,320
14:51:09.272 [FXGL Background Thread 1 ] DEBUG TilesetLoader        - Writing to buffer: dst=1152,960, w=64,h=64, src=64,320
14:51:09.272 [FXGL Background Thread 1 ] DEBUG TilesetLoader        - Writing to buffer: dst=1216,960, w=64,h=64, src=128,320
14:51:09.272 [FXGL Background Thread 1 ] DEBUG TilesetLoader        - Writing to buffer: dst=1280,960, w=64,h=64, src=192,320
14:51:09.272 [FXGL Background Thread 1 ] DEBUG TilesetLoader        - Writing to buffer: dst=1344,960, w=64,h=64, src=64,320
14:51:09.272 [FXGL Background Thread 1 ] DEBUG TilesetLoader        - Writing to buffer: dst=1408,960, w=64,h=64, src=320,704
14:51:09.272 [FXGL Background Thread 1 ] DEBUG TilesetLoader        - Writing to buffer: dst=1472,960, w=64,h=64, src=192,320
14:51:09.272 [FXGL Background Thread 1 ] DEBUG TilesetLoader        - Writing to buffer: dst=192,1024, w=64,h=64, src=64,320
14:51:09.272 [FXGL Background Thread 1 ] DEBUG TilesetLoader        - Writing to buffer: dst=256,1024, w=64,h=64, src=128,320
14:51:09.272 [FXGL Background Thread 1 ] DEBUG TilesetLoader        - Writing to buffer: dst=320,1024, w=64,h=64, src=192,320
14:51:09.272 [FXGL Background Thread 1 ] DEBUG TilesetLoader        - Writing to buffer: dst=384,1024, w=64,h=64, src=64,320
14:51:09.272 [FXGL Background Thread 1 ] DEBUG TilesetLoader        - Writing to buffer: dst=448,1024, w=64,h=64, src=128,320
14:51:09.272 [FXGL Background Thread 1 ] DEBUG TilesetLoader        - Writing to buffer: dst=512,1024, w=64,h=64, src=192,320
14:51:09.272 [FXGL Background Thread 1 ] DEBUG TilesetLoader        - Writing to buffer: dst=576,1024, w=64,h=64, src=64,320
14:51:09.272 [FXGL Background Thread 1 ] DEBUG TilesetLoader        - Writing to buffer: dst=640,1024, w=64,h=64, src=128,320
14:51:09.272 [FXGL Background Thread 1 ] DEBUG TilesetLoader        - Writing to buffer: dst=704,1024, w=64,h=64, src=192,320
14:51:09.272 [FXGL Background Thread 1 ] DEBUG TilesetLoader        - Writing to buffer: dst=768,1024, w=64,h=64, src=64,384
14:51:09.272 [FXGL Background Thread 1 ] DEBUG TilesetLoader        - Writing to buffer: dst=832,1024, w=64,h=64, src=128,384
14:51:09.272 [FXGL Background Thread 1 ] DEBUG TilesetLoader        - Writing to buffer: dst=896,1024, w=64,h=64, src=128,320
14:51:09.272 [FXGL Background Thread 1 ] DEBUG TilesetLoader        - Writing to buffer: dst=960,1024, w=64,h=64, src=64,384
14:51:09.272 [FXGL Background Thread 1 ] DEBUG TilesetLoader        - Writing to buffer: dst=1024,1024, w=64,h=64, src=128,384
14:51:09.272 [FXGL Background Thread 1 ] DEBUG TilesetLoader        - Writing to buffer: dst=1088,1024, w=64,h=64, src=128,320
14:51:09.272 [FXGL Background Thread 1 ] DEBUG TilesetLoader        - Writing to buffer: dst=1152,1024, w=64,h=64, src=64,384
14:51:09.273 [FXGL Background Thread 1 ] DEBUG TilesetLoader        - Writing to buffer: dst=1216,1024, w=64,h=64, src=128,384
14:51:09.273 [FXGL Background Thread 1 ] DEBUG TilesetLoader        - Writing to buffer: dst=1280,1024, w=64,h=64, src=128,320
14:51:09.273 [FXGL Background Thread 1 ] DEBUG TilesetLoader        - Writing to buffer: dst=1344,1024, w=64,h=64, src=64,384
14:51:09.273 [FXGL Background Thread 1 ] DEBUG TilesetLoader        - Writing to buffer: dst=1408,1024, w=64,h=64, src=128,384
14:51:09.273 [FXGL Background Thread 1 ] DEBUG TilesetLoader        - Writing to buffer: dst=1472,1024, w=64,h=64, src=128,320
14:51:09.273 [FXGL Background Thread 1 ] DEBUG TilesetLoader        - Writing to buffer: dst=192,1088, w=64,h=64, src=64,256
14:51:09.273 [FXGL Background Thread 1 ] DEBUG TilesetLoader        - Writing to buffer: dst=256,1088, w=64,h=64, src=128,256
14:51:09.273 [FXGL Background Thread 1 ] DEBUG TilesetLoader        - Writing to buffer: dst=320,1088, w=64,h=64, src=192,256
14:51:09.273 [FXGL Background Thread 1 ] DEBUG TilesetLoader        - Writing to buffer: dst=384,1088, w=64,h=64, src=64,256
14:51:09.273 [FXGL Background Thread 1 ] DEBUG TilesetLoader        - Writing to buffer: dst=448,1088, w=64,h=64, src=128,256
14:51:09.273 [FXGL Background Thread 1 ] DEBUG TilesetLoader        - Writing to buffer: dst=512,1088, w=64,h=64, src=192,256
14:51:09.273 [FXGL Background Thread 1 ] DEBUG TilesetLoader        - Writing to buffer: dst=576,1088, w=64,h=64, src=64,256
14:51:09.273 [FXGL Background Thread 1 ] DEBUG TilesetLoader        - Writing to buffer: dst=640,1088, w=64,h=64, src=128,256
14:51:09.273 [FXGL Background Thread 1 ] DEBUG TilesetLoader        - Writing to buffer: dst=704,1088, w=64,h=64, src=192,256
14:51:09.273 [FXGL Background Thread 1 ] DEBUG TilesetLoader        - Writing to buffer: dst=192,1152, w=64,h=64, src=64,320
14:51:09.273 [FXGL Background Thread 1 ] DEBUG TilesetLoader        - Writing to buffer: dst=256,1152, w=64,h=64, src=128,320
14:51:09.273 [FXGL Background Thread 1 ] DEBUG TilesetLoader        - Writing to buffer: dst=320,1152, w=64,h=64, src=192,320
14:51:09.273 [FXGL Background Thread 1 ] DEBUG TilesetLoader        - Writing to buffer: dst=384,1152, w=64,h=64, src=64,320
14:51:09.273 [FXGL Background Thread 1 ] DEBUG TilesetLoader        - Writing to buffer: dst=448,1152, w=64,h=64, src=128,320
14:51:09.273 [FXGL Background Thread 1 ] DEBUG TilesetLoader        - Writing to buffer: dst=512,1152, w=64,h=64, src=192,320
14:51:09.273 [FXGL Background Thread 1 ] DEBUG TilesetLoader        - Writing to buffer: dst=576,1152, w=64,h=64, src=64,320
14:51:09.273 [FXGL Background Thread 1 ] DEBUG TilesetLoader        - Writing to buffer: dst=640,1152, w=64,h=64, src=128,320
14:51:09.273 [FXGL Background Thread 1 ] DEBUG TilesetLoader        - Writing to buffer: dst=704,1152, w=64,h=64, src=192,320
14:51:09.274 [FXGL Background Thread 1 ] DEBUG TilesetLoader        - Loading view for layer Wall tile layer
14:51:09.277 [FXGL Background Thread 1 ] DEBUG TilesetLoader        - Created buffer with size 1600.0x1280.0
14:51:09.277 [FXGL Background Thread 1 ] DEBUG TilesetLoader        - Writing to buffer: dst=0,0, w=64,h=64, src=0,448
14:51:09.277 [FXGL Background Thread 1 ] DEBUG TilesetLoader        - Writing to buffer: dst=64,0, w=64,h=64, src=128,0
14:51:09.277 [FXGL Background Thread 1 ] DEBUG TilesetLoader        - Writing to buffer: dst=832,0, w=64,h=64, src=0,384
14:51:09.277 [FXGL Background Thread 1 ] DEBUG TilesetLoader        - Writing to buffer: dst=0,64, w=64,h=64, src=0,512
14:51:09.277 [FXGL Background Thread 1 ] DEBUG TilesetLoader        - Writing to buffer: dst=64,64, w=64,h=64, src=128,64
14:51:09.277 [FXGL Background Thread 1 ] DEBUG TilesetLoader        - Writing to buffer: dst=832,64, w=64,h=64, src=0,384
14:51:09.277 [FXGL Background Thread 1 ] DEBUG TilesetLoader        - Writing to buffer: dst=0,128, w=64,h=64, src=0,512
14:51:09.278 [FXGL Background Thread 1 ] DEBUG TilesetLoader        - Writing to buffer: dst=64,128, w=64,h=64, src=0,256
14:51:09.278 [FXGL Background Thread 1 ] DEBUG TilesetLoader        - Writing to buffer: dst=832,128, w=64,h=64, src=0,384
14:51:09.278 [FXGL Background Thread 1 ] DEBUG TilesetLoader        - Writing to buffer: dst=0,192, w=64,h=64, src=0,512
14:51:09.278 [FXGL Background Thread 1 ] DEBUG TilesetLoader        - Writing to buffer: dst=64,192, w=64,h=64, src=0,256
14:51:09.278 [FXGL Background Thread 1 ] DEBUG TilesetLoader        - Writing to buffer: dst=832,192, w=64,h=64, src=0,384
14:51:09.278 [FXGL Background Thread 1 ] DEBUG TilesetLoader        - Writing to buffer: dst=0,256, w=64,h=64, src=0,512
14:51:09.278 [FXGL Background Thread 1 ] DEBUG TilesetLoader        - Writing to buffer: dst=64,256, w=64,h=64, src=0,256
14:51:09.278 [FXGL Background Thread 1 ] DEBUG TilesetLoader        - Writing to buffer: dst=320,256, w=64,h=64, src=320,320
14:51:09.278 [FXGL Background Thread 1 ] DEBUG TilesetLoader        - Writing to buffer: dst=576,256, w=64,h=64, src=320,320
14:51:09.278 [FXGL Background Thread 1 ] DEBUG TilesetLoader        - Writing to buffer: dst=832,256, w=64,h=64, src=0,384
14:51:09.278 [FXGL Background Thread 1 ] DEBUG TilesetLoader        - Writing to buffer: dst=0,320, w=64,h=64, src=0,512
14:51:09.278 [FXGL Background Thread 1 ] DEBUG TilesetLoader        - Writing to buffer: dst=64,320, w=64,h=64, src=0,256
14:51:09.278 [FXGL Background Thread 1 ] DEBUG TilesetLoader        - Writing to buffer: dst=320,320, w=64,h=64, src=320,384
14:51:09.278 [FXGL Background Thread 1 ] DEBUG TilesetLoader        - Writing to buffer: dst=576,320, w=64,h=64, src=320,384
14:51:09.278 [FXGL Background Thread 1 ] DEBUG TilesetLoader        - Writing to buffer: dst=832,320, w=64,h=64, src=0,384
14:51:09.278 [FXGL Background Thread 1 ] DEBUG TilesetLoader        - Writing to buffer: dst=0,384, w=64,h=64, src=0,512
14:51:09.278 [FXGL Background Thread 1 ] DEBUG TilesetLoader        - Writing to buffer: dst=64,384, w=64,h=64, src=0,256
14:51:09.279 [FXGL Background Thread 1 ] DEBUG TilesetLoader        - Writing to buffer: dst=320,384, w=64,h=64, src=320,448
14:51:09.279 [FXGL Background Thread 1 ] DEBUG TilesetLoader        - Writing to buffer: dst=576,384, w=64,h=64, src=320,448
14:51:09.279 [FXGL Background Thread 1 ] DEBUG TilesetLoader        - Writing to buffer: dst=832,384, w=64,h=64, src=0,384
14:51:09.279 [FXGL Background Thread 1 ] DEBUG TilesetLoader        - Writing to buffer: dst=0,448, w=64,h=64, src=0,512
14:51:09.279 [FXGL Background Thread 1 ] DEBUG TilesetLoader        - Writing to buffer: dst=64,448, w=64,h=64, src=0,256
14:51:09.279 [FXGL Background Thread 1 ] DEBUG TilesetLoader        - Writing to buffer: dst=832,448, w=64,h=64, src=0,384
14:51:09.279 [FXGL Background Thread 1 ] DEBUG TilesetLoader        - Writing to buffer: dst=0,512, w=64,h=64, src=0,512
14:51:09.279 [FXGL Background Thread 1 ] DEBUG TilesetLoader        - Writing to buffer: dst=64,512, w=64,h=64, src=128,0
14:51:09.279 [FXGL Background Thread 1 ] DEBUG TilesetLoader        - Writing to buffer: dst=128,512, w=64,h=64, src=128,0
14:51:09.279 [FXGL Background Thread 1 ] DEBUG TilesetLoader        - Writing to buffer: dst=192,512, w=64,h=64, src=128,0
14:51:09.279 [FXGL Background Thread 1 ] DEBUG TilesetLoader        - Writing to buffer: dst=256,512, w=64,h=64, src=128,0
14:51:09.279 [FXGL Background Thread 1 ] DEBUG TilesetLoader        - Writing to buffer: dst=320,512, w=64,h=64, src=192,448
14:51:09.279 [FXGL Background Thread 1 ] DEBUG TilesetLoader        - Writing to buffer: dst=384,512, w=64,h=64, src=0,64
14:51:09.279 [FXGL Background Thread 1 ] DEBUG TilesetLoader        - Writing to buffer: dst=448,512, w=64,h=64, src=0,64
14:51:09.279 [FXGL Background Thread 1 ] DEBUG TilesetLoader        - Writing to buffer: dst=512,512, w=64,h=64, src=0,64
14:51:09.279 [FXGL Background Thread 1 ] DEBUG TilesetLoader        - Writing to buffer: dst=576,512, w=64,h=64, src=128,448
14:51:09.279 [FXGL Background Thread 1 ] DEBUG TilesetLoader        - Writing to buffer: dst=640,512, w=64,h=64, src=128,0
14:51:09.279 [FXGL Background Thread 1 ] DEBUG TilesetLoader        - Writing to buffer: dst=704,512, w=64,h=64, src=128,0
14:51:09.279 [FXGL Background Thread 1 ] DEBUG TilesetLoader        - Writing to buffer: dst=768,512, w=64,h=64, src=128,0
14:51:09.279 [FXGL Background Thread 1 ] DEBUG TilesetLoader        - Writing to buffer: dst=832,512, w=64,h=64, src=128,0
14:51:09.279 [FXGL Background Thread 1 ] DEBUG TilesetLoader        - Writing to buffer: dst=0,576, w=64,h=64, src=0,576
14:51:09.279 [FXGL Background Thread 1 ] DEBUG TilesetLoader        - Writing to buffer: dst=320,576, w=64,h=64, src=192,512
14:51:09.280 [FXGL Background Thread 1 ] DEBUG TilesetLoader        - Writing to buffer: dst=384,576, w=64,h=64, src=0,64
14:51:09.280 [FXGL Background Thread 1 ] DEBUG TilesetLoader        - Writing to buffer: dst=576,576, w=64,h=64, src=128,512
14:51:09.280 [FXGL Background Thread 1 ] DEBUG TilesetLoader        - Writing to buffer: dst=320,640, w=64,h=64, src=0,512
14:51:09.280 [FXGL Background Thread 1 ] DEBUG TilesetLoader        - Writing to buffer: dst=576,640, w=64,h=64, src=64,512
14:51:09.280 [FXGL Background Thread 1 ] DEBUG TilesetLoader        - Writing to buffer: dst=128,704, w=64,h=64, src=0,448
14:51:09.280 [FXGL Background Thread 1 ] DEBUG TilesetLoader        - Writing to buffer: dst=192,704, w=64,h=64, src=128,0
14:51:09.280 [FXGL Background Thread 1 ] DEBUG TilesetLoader        - Writing to buffer: dst=256,704, w=64,h=64, src=128,0
14:51:09.280 [FXGL Background Thread 1 ] DEBUG TilesetLoader        - Writing to buffer: dst=320,704, w=64,h=64, src=192,576
14:51:09.280 [FXGL Background Thread 1 ] DEBUG TilesetLoader        - Writing to buffer: dst=576,704, w=64,h=64, src=128,576
14:51:09.280 [FXGL Background Thread 1 ] DEBUG TilesetLoader        - Writing to buffer: dst=640,704, w=64,h=64, src=128,0
14:51:09.280 [FXGL Background Thread 1 ] DEBUG TilesetLoader        - Writing to buffer: dst=704,704, w=64,h=64, src=128,0
14:51:09.280 [FXGL Background Thread 1 ] DEBUG TilesetLoader        - Writing to buffer: dst=768,704, w=64,h=64, src=64,448
14:51:09.280 [FXGL Background Thread 1 ] DEBUG TilesetLoader        - Writing to buffer: dst=128,768, w=64,h=64, src=0,512
14:51:09.280 [FXGL Background Thread 1 ] DEBUG TilesetLoader        - Writing to buffer: dst=192,768, w=64,h=64, src=128,64
14:51:09.280 [FXGL Background Thread 1 ] DEBUG TilesetLoader        - Writing to buffer: dst=256,768, w=64,h=64, src=128,64
14:51:09.280 [FXGL Background Thread 1 ] DEBUG TilesetLoader        - Writing to buffer: dst=320,768, w=64,h=64, src=192,640
14:51:09.280 [FXGL Background Thread 1 ] DEBUG TilesetLoader        - Writing to buffer: dst=576,768, w=64,h=64, src=128,640
14:51:09.280 [FXGL Background Thread 1 ] DEBUG TilesetLoader        - Writing to buffer: dst=640,768, w=64,h=64, src=128,64
14:51:09.280 [FXGL Background Thread 1 ] DEBUG TilesetLoader        - Writing to buffer: dst=704,768, w=64,h=64, src=128,64
14:51:09.280 [FXGL Background Thread 1 ] DEBUG TilesetLoader        - Writing to buffer: dst=768,768, w=64,h=64, src=128,576
14:51:09.280 [FXGL Background Thread 1 ] DEBUG TilesetLoader        - Writing to buffer: dst=832,768, w=64,h=64, src=128,0
14:51:09.280 [FXGL Background Thread 1 ] DEBUG TilesetLoader        - Writing to buffer: dst=896,768, w=64,h=64, src=128,0
14:51:09.280 [FXGL Background Thread 1 ] DEBUG TilesetLoader        - Writing to buffer: dst=960,768, w=64,h=64, src=128,0
14:51:09.280 [FXGL Background Thread 1 ] DEBUG TilesetLoader        - Writing to buffer: dst=1024,768, w=64,h=64, src=128,0
14:51:09.280 [FXGL Background Thread 1 ] DEBUG TilesetLoader        - Writing to buffer: dst=1088,768, w=64,h=64, src=128,0
14:51:09.280 [FXGL Background Thread 1 ] DEBUG TilesetLoader        - Writing to buffer: dst=1152,768, w=64,h=64, src=128,0
14:51:09.280 [FXGL Background Thread 1 ] DEBUG TilesetLoader        - Writing to buffer: dst=1216,768, w=64,h=64, src=128,0
14:51:09.280 [FXGL Background Thread 1 ] DEBUG TilesetLoader        - Writing to buffer: dst=1280,768, w=64,h=64, src=128,0
14:51:09.281 [FXGL Background Thread 1 ] DEBUG TilesetLoader        - Writing to buffer: dst=1344,768, w=64,h=64, src=128,0
14:51:09.281 [FXGL Background Thread 1 ] DEBUG TilesetLoader        - Writing to buffer: dst=1408,768, w=64,h=64, src=128,0
14:51:09.281 [FXGL Background Thread 1 ] DEBUG TilesetLoader        - Writing to buffer: dst=1472,768, w=64,h=64, src=128,0
14:51:09.281 [FXGL Background Thread 1 ] DEBUG TilesetLoader        - Writing to buffer: dst=1536,768, w=64,h=64, src=64,448
14:51:09.281 [FXGL Background Thread 1 ] DEBUG TilesetLoader        - Writing to buffer: dst=128,832, w=64,h=64, src=0,512
14:51:09.281 [FXGL Background Thread 1 ] DEBUG TilesetLoader        - Writing to buffer: dst=192,832, w=64,h=64, src=0,384
14:51:09.281 [FXGL Background Thread 1 ] DEBUG TilesetLoader        - Writing to buffer: dst=704,832, w=64,h=64, src=0,320
14:51:09.281 [FXGL Background Thread 1 ] DEBUG TilesetLoader        - Writing to buffer: dst=768,832, w=64,h=64, src=128,64
14:51:09.281 [FXGL Background Thread 1 ] DEBUG TilesetLoader        - Writing to buffer: dst=832,832, w=64,h=64, src=128,64
14:51:09.281 [FXGL Background Thread 1 ] DEBUG TilesetLoader        - Writing to buffer: dst=896,832, w=64,h=64, src=128,64
14:51:09.281 [FXGL Background Thread 1 ] DEBUG TilesetLoader        - Writing to buffer: dst=960,832, w=64,h=64, src=128,64
14:51:09.281 [FXGL Background Thread 1 ] DEBUG TilesetLoader        - Writing to buffer: dst=1024,832, w=64,h=64, src=128,64
14:51:09.281 [FXGL Background Thread 1 ] DEBUG TilesetLoader        - Writing to buffer: dst=1088,832, w=64,h=64, src=128,64
14:51:09.281 [FXGL Background Thread 1 ] DEBUG TilesetLoader        - Writing to buffer: dst=1152,832, w=64,h=64, src=128,64
14:51:09.281 [FXGL Background Thread 1 ] DEBUG TilesetLoader        - Writing to buffer: dst=1216,832, w=64,h=64, src=128,64
14:51:09.281 [FXGL Background Thread 1 ] DEBUG TilesetLoader        - Writing to buffer: dst=1280,832, w=64,h=64, src=128,64
14:51:09.281 [FXGL Background Thread 1 ] DEBUG TilesetLoader        - Writing to buffer: dst=1344,832, w=64,h=64, src=128,64
14:51:09.281 [FXGL Background Thread 1 ] DEBUG TilesetLoader        - Writing to buffer: dst=1408,832, w=64,h=64, src=128,64
14:51:09.281 [FXGL Background Thread 1 ] DEBUG TilesetLoader        - Writing to buffer: dst=1472,832, w=64,h=64, src=128,64
14:51:09.281 [FXGL Background Thread 1 ] DEBUG TilesetLoader        - Writing to buffer: dst=1536,832, w=64,h=64, src=64,512
14:51:09.281 [FXGL Background Thread 1 ] DEBUG TilesetLoader        - Writing to buffer: dst=128,896, w=64,h=64, src=0,512
14:51:09.281 [FXGL Background Thread 1 ] DEBUG TilesetLoader        - Writing to buffer: dst=192,896, w=64,h=64, src=0,384
14:51:09.281 [FXGL Background Thread 1 ] DEBUG TilesetLoader        - Writing to buffer: dst=704,896, w=64,h=64, src=0,384
14:51:09.281 [FXGL Background Thread 1 ] DEBUG TilesetLoader        - Writing to buffer: dst=1536,896, w=64,h=64, src=64,512
14:51:09.281 [FXGL Background Thread 1 ] DEBUG TilesetLoader        - Writing to buffer: dst=128,960, w=64,h=64, src=0,512
14:51:09.281 [FXGL Background Thread 1 ] DEBUG TilesetLoader        - Writing to buffer: dst=192,960, w=64,h=64, src=0,384
14:51:09.281 [FXGL Background Thread 1 ] DEBUG TilesetLoader        - Writing to buffer: dst=704,960, w=64,h=64, src=0,384
14:51:09.281 [FXGL Background Thread 1 ] DEBUG TilesetLoader        - Writing to buffer: dst=1536,960, w=64,h=64, src=64,512
14:51:09.281 [FXGL Background Thread 1 ] DEBUG TilesetLoader        - Writing to buffer: dst=128,1024, w=64,h=64, src=0,512
14:51:09.282 [FXGL Background Thread 1 ] DEBUG TilesetLoader        - Writing to buffer: dst=192,1024, w=64,h=64, src=0,384
14:51:09.282 [FXGL Background Thread 1 ] DEBUG TilesetLoader        - Writing to buffer: dst=704,1024, w=64,h=64, src=0,320
14:51:09.282 [FXGL Background Thread 1 ] DEBUG TilesetLoader        - Writing to buffer: dst=768,1024, w=64,h=64, src=128,448
14:51:09.282 [FXGL Background Thread 1 ] DEBUG TilesetLoader        - Writing to buffer: dst=832,1024, w=64,h=64, src=128,0
14:51:09.282 [FXGL Background Thread 1 ] DEBUG TilesetLoader        - Writing to buffer: dst=896,1024, w=64,h=64, src=128,0
14:51:09.282 [FXGL Background Thread 1 ] DEBUG TilesetLoader        - Writing to buffer: dst=960,1024, w=64,h=64, src=128,0
14:51:09.282 [FXGL Background Thread 1 ] DEBUG TilesetLoader        - Writing to buffer: dst=1024,1024, w=64,h=64, src=128,0
14:51:09.282 [FXGL Background Thread 1 ] DEBUG TilesetLoader        - Writing to buffer: dst=1088,1024, w=64,h=64, src=128,0
14:51:09.282 [FXGL Background Thread 1 ] DEBUG TilesetLoader        - Writing to buffer: dst=1152,1024, w=64,h=64, src=128,0
14:51:09.282 [FXGL Background Thread 1 ] DEBUG TilesetLoader        - Writing to buffer: dst=1216,1024, w=64,h=64, src=128,0
14:51:09.282 [FXGL Background Thread 1 ] DEBUG TilesetLoader        - Writing to buffer: dst=1280,1024, w=64,h=64, src=128,0
14:51:09.282 [FXGL Background Thread 1 ] DEBUG TilesetLoader        - Writing to buffer: dst=1344,1024, w=64,h=64, src=128,0
14:51:09.282 [FXGL Background Thread 1 ] DEBUG TilesetLoader        - Writing to buffer: dst=1408,1024, w=64,h=64, src=128,0
14:51:09.282 [FXGL Background Thread 1 ] DEBUG TilesetLoader        - Writing to buffer: dst=1472,1024, w=64,h=64, src=128,0
14:51:09.282 [FXGL Background Thread 1 ] DEBUG TilesetLoader        - Writing to buffer: dst=1536,1024, w=64,h=64, src=64,512
14:51:09.282 [FXGL Background Thread 1 ] DEBUG TilesetLoader        - Writing to buffer: dst=128,1088, w=64,h=64, src=0,512
14:51:09.282 [FXGL Background Thread 1 ] DEBUG TilesetLoader        - Writing to buffer: dst=192,1088, w=64,h=64, src=0,384
14:51:09.282 [FXGL Background Thread 1 ] DEBUG TilesetLoader        - Writing to buffer: dst=704,1088, w=64,h=64, src=0,320
14:51:09.282 [FXGL Background Thread 1 ] DEBUG TilesetLoader        - Writing to buffer: dst=768,1088, w=64,h=64, src=128,512
14:51:09.282 [FXGL Background Thread 1 ] DEBUG TilesetLoader        - Writing to buffer: dst=832,1088, w=64,h=64, src=128,64
14:51:09.282 [FXGL Background Thread 1 ] DEBUG TilesetLoader        - Writing to buffer: dst=896,1088, w=64,h=64, src=128,64
14:51:09.282 [FXGL Background Thread 1 ] DEBUG TilesetLoader        - Writing to buffer: dst=960,1088, w=64,h=64, src=128,64
14:51:09.282 [FXGL Background Thread 1 ] DEBUG TilesetLoader        - Writing to buffer: dst=1024,1088, w=64,h=64, src=128,64
14:51:09.282 [FXGL Background Thread 1 ] DEBUG TilesetLoader        - Writing to buffer: dst=1088,1088, w=64,h=64, src=128,64
14:51:09.283 [FXGL Background Thread 1 ] DEBUG TilesetLoader        - Writing to buffer: dst=1152,1088, w=64,h=64, src=128,64
14:51:09.283 [FXGL Background Thread 1 ] DEBUG TilesetLoader        - Writing to buffer: dst=1216,1088, w=64,h=64, src=128,64
14:51:09.283 [FXGL Background Thread 1 ] DEBUG TilesetLoader        - Writing to buffer: dst=1280,1088, w=64,h=64, src=128,64
14:51:09.283 [FXGL Background Thread 1 ] DEBUG TilesetLoader        - Writing to buffer: dst=1344,1088, w=64,h=64, src=128,64
14:51:09.283 [FXGL Background Thread 1 ] DEBUG TilesetLoader        - Writing to buffer: dst=1408,1088, w=64,h=64, src=128,64
14:51:09.283 [FXGL Background Thread 1 ] DEBUG TilesetLoader        - Writing to buffer: dst=1472,1088, w=64,h=64, src=128,64
14:51:09.283 [FXGL Background Thread 1 ] DEBUG TilesetLoader        - Writing to buffer: dst=1536,1088, w=64,h=64, src=64,576
14:51:09.283 [FXGL Background Thread 1 ] DEBUG TilesetLoader        - Writing to buffer: dst=128,1152, w=64,h=64, src=0,512
14:51:09.283 [FXGL Background Thread 1 ] DEBUG TilesetLoader        - Writing to buffer: dst=192,1152, w=64,h=64, src=128,0
14:51:09.283 [FXGL Background Thread 1 ] DEBUG TilesetLoader        - Writing to buffer: dst=256,1152, w=64,h=64, src=128,0
14:51:09.283 [FXGL Background Thread 1 ] DEBUG TilesetLoader        - Writing to buffer: dst=320,1152, w=64,h=64, src=128,0
14:51:09.283 [FXGL Background Thread 1 ] DEBUG TilesetLoader        - Writing to buffer: dst=384,1152, w=64,h=64, src=128,0
14:51:09.283 [FXGL Background Thread 1 ] DEBUG TilesetLoader        - Writing to buffer: dst=448,1152, w=64,h=64, src=128,0
14:51:09.283 [FXGL Background Thread 1 ] DEBUG TilesetLoader        - Writing to buffer: dst=512,1152, w=64,h=64, src=128,0
14:51:09.283 [FXGL Background Thread 1 ] DEBUG TilesetLoader        - Writing to buffer: dst=576,1152, w=64,h=64, src=128,0
14:51:09.283 [FXGL Background Thread 1 ] DEBUG TilesetLoader        - Writing to buffer: dst=640,1152, w=64,h=64, src=128,0
14:51:09.283 [FXGL Background Thread 1 ] DEBUG TilesetLoader        - Writing to buffer: dst=704,1152, w=64,h=64, src=128,0
14:51:09.283 [FXGL Background Thread 1 ] DEBUG TilesetLoader        - Writing to buffer: dst=768,1152, w=64,h=64, src=64,512
14:51:09.283 [FXGL Background Thread 1 ] DEBUG TilesetLoader        - Writing to buffer: dst=128,1216, w=64,h=64, src=0,576
14:51:09.283 [FXGL Background Thread 1 ] DEBUG TilesetLoader        - Writing to buffer: dst=192,1216, w=64,h=64, src=128,64
14:51:09.283 [FXGL Background Thread 1 ] DEBUG TilesetLoader        - Writing to buffer: dst=256,1216, w=64,h=64, src=128,64
14:51:09.283 [FXGL Background Thread 1 ] DEBUG TilesetLoader        - Writing to buffer: dst=320,1216, w=64,h=64, src=128,64
14:51:09.284 [FXGL Background Thread 1 ] DEBUG TilesetLoader        - Writing to buffer: dst=384,1216, w=64,h=64, src=128,64
14:51:09.284 [FXGL Background Thread 1 ] DEBUG TilesetLoader        - Writing to buffer: dst=448,1216, w=64,h=64, src=128,64
14:51:09.284 [FXGL Background Thread 1 ] DEBUG TilesetLoader        - Writing to buffer: dst=512,1216, w=64,h=64, src=128,64
14:51:09.284 [FXGL Background Thread 1 ] DEBUG TilesetLoader        - Writing to buffer: dst=576,1216, w=64,h=64, src=128,64
14:51:09.284 [FXGL Background Thread 1 ] DEBUG TilesetLoader        - Writing to buffer: dst=640,1216, w=64,h=64, src=128,64
14:51:09.284 [FXGL Background Thread 1 ] DEBUG TilesetLoader        - Writing to buffer: dst=704,1216, w=64,h=64, src=128,64
14:51:09.284 [FXGL Background Thread 1 ] DEBUG TilesetLoader        - Writing to buffer: dst=768,1216, w=64,h=64, src=64,576
14:51:09.284 [FXGL Background Thread 1 ] DEBUG TMXLevelLoader       - Creating object layer entities
14:51:09.286 [FXGL Background Thread 1 ] DEBUG AssetLoader          - Loading from file system: /assets/textures/mpfountain.png
14:51:09.291 [FXGL Background Thread 1 ] DEBUG AssetLoader          - Loading from file system: /assets/textures/hpfountain.png
14:51:09.303 [FXGL Background Thread 1 ] DEBUG GameWorld            - Clearing removable entities
14:51:09.303 [FXGL Background Thread 1 ] DEBUG GameWorld            - Setting level: com.almasb.fxgl.entity.level.Level@1b192cba
14:51:09.329 [FXGL Background Thread 1 ] DEBUG AssetLoader          - Loading from file system: /assets/textures/player.png
14:51:09.331 [FXGL Background Thread 1 ] DEBUG AssetLoader          - Loading from file system: /assets/textures/weapon.png
14:51:09.333 [FXGL Background Thread 1 ] DEBUG AssetLoader          - Loading from file system: /assets/textures/enemy2times.png
14:51:09.336 [FXGL Background Thread 1 ] DEBUG AssetLoader          - Loading from file system: /assets/textures/goblin.png
14:51:09.338 [FXGL Background Thread 1 ] DEBUG AssetLoader          - Loading from cache: /assets/textures/enemy2times.png
14:51:09.338 [FXGL Background Thread 1 ] DEBUG AssetLoader          - Loading from cache: /assets/textures/goblin.png
14:51:09.339 [FXGL Background Thread 1 ] DEBUG AssetLoader          - Loading from cache: /assets/textures/goblin.png
14:51:09.339 [FXGL Background Thread 1 ] DEBUG InitAppTask          - Initializing Physics
14:51:09.339 [FXGL Background Thread 1 ] DEBUG InitAppTask          - Initializing UI
14:51:09.340 [FXGL Background Thread 1 ] DEBUG InitAppTask          - Initialization Complete
14:51:09.340 [FXGL Background Thread 1 ] INFO  InitAppTask          - Game initialization took: 0,172 sec
14:51:09.352 [JavaFX Application Thread] DEBUG Input                - Clearing active input actions
14:51:09.366 [JavaFX Application Thread] DEBUG Engine               - Removing overlay from LoadingScene and adding to GameScene
14:51:09.367 [JavaFX Application Thread] DEBUG MainWindow           - LoadingScene -> GameScene
14:51:10.928 [JavaFX Application Thread] DEBUG AssetLoader          - Loading from file system: /assets/sounds/MAN2HIT3.wav
14:51:10.999 [JavaFX Application Thread] DEBUG AssetLoader          - Loading from file system: /assets/sounds/swing3.wav
14:51:11.002 [JavaFX Application Thread] DEBUG AssetLoader          - Loading from file system: /assets/sounds/IMPHIT3.wav
14:51:11.170 [JavaFX Application Thread] DEBUG AssetLoader          - Loading from file system: /assets/sounds/swing.wav
14:51:11.859 [JavaFX Application Thread] DEBUG AssetLoader          - Loading from cache: /assets/sounds/swing3.wav
14:51:12.020 [JavaFX Application Thread] DEBUG AssetLoader          - Loading from cache: /assets/sounds/swing3.wav
14:51:12.025 [JavaFX Application Thread] DEBUG AssetLoader          - Loading from file system: /assets/sounds/IMPDIE2.wav
14:51:12.710 [JavaFX Application Thread] DEBUG AssetLoader          - Loading from cache: /assets/sounds/swing3.wav
14:51:12.711 [JavaFX Application Thread] DEBUG AssetLoader          - Loading from file system: /assets/sounds/HORNHIT1.wav
14:51:12.868 [JavaFX Application Thread] DEBUG AssetLoader          - Loading from file system: /assets/sounds/swing2.wav
14:51:13.035 [JavaFX Application Thread] DEBUG AssetLoader          - Loading from cache: /assets/sounds/swing2.wav
14:51:13.189 [JavaFX Application Thread] DEBUG AssetLoader          - Loading from cache: /assets/sounds/swing2.wav
14:51:13.326 [JavaFX Application Thread] DEBUG AssetLoader          - Loading from cache: /assets/sounds/swing3.wav
14:51:13.466 [JavaFX Application Thread] DEBUG AssetLoader          - Loading from cache: /assets/sounds/swing.wav
14:51:13.511 [JavaFX Application Thread] DEBUG AssetLoader          - Loading from file system: /assets/sounds/HORNHIT2.wav
14:51:13.602 [JavaFX Application Thread] DEBUG AssetLoader          - Loading from cache: /assets/sounds/swing2.wav
14:51:13.718 [JavaFX Application Thread] DEBUG AssetLoader          - Loading from file system: /assets/sounds/MAN2HIT1.wav
14:51:13.730 [JavaFX Application Thread] DEBUG AssetLoader          - Loading from cache: /assets/sounds/swing.wav
14:51:13.851 [JavaFX Application Thread] DEBUG AssetLoader          - Loading from cache: /assets/sounds/swing2.wav
14:51:14.287 [JavaFX Application Thread] DEBUG AssetLoader          - Loading from cache: /assets/sounds/swing3.wav
14:51:14.438 [JavaFX Application Thread] DEBUG AssetLoader          - Loading from cache: /assets/sounds/swing3.wav
14:51:14.440 [JavaFX Application Thread] DEBUG AssetLoader          - Loading from file system: /assets/sounds/HORNHIT3.wav
14:51:14.577 [JavaFX Application Thread] DEBUG AssetLoader          - Loading from cache: /assets/sounds/swing.wav
14:51:14.999 [JavaFX Application Thread] DEBUG AssetLoader          - Loading from cache: /assets/sounds/swing2.wav
14:51:15.134 [JavaFX Application Thread] DEBUG AssetLoader          - Loading from cache: /assets/sounds/swing3.wav
14:51:15.278 [JavaFX Application Thread] DEBUG AssetLoader          - Loading from cache: /assets/sounds/swing.wav
14:51:15.285 [JavaFX Application Thread] DEBUG AssetLoader          - Loading from file system: /assets/sounds/HORNDIE2.wav
14:51:15.446 [JavaFX Application Thread] DEBUG AssetLoader          - Loading from cache: /assets/sounds/swing3.wav
14:51:16.322 [JavaFX Application Thread] DEBUG AssetLoader          - Loading from cache: /assets/sounds/swing2.wav
14:51:16.468 [JavaFX Application Thread] DEBUG AssetLoader          - Loading from cache: /assets/sounds/swing3.wav
14:51:16.595 [JavaFX Application Thread] DEBUG AssetLoader          - Loading from cache: /assets/sounds/swing3.wav
14:51:17.153 [JavaFX Application Thread] DEBUG AssetLoader          - Loading from cache: /assets/sounds/swing2.wav
14:51:17.160 [JavaFX Application Thread] DEBUG AssetLoader          - Loading from cache: /assets/sounds/HORNHIT3.wav
14:51:17.319 [JavaFX Application Thread] DEBUG AssetLoader          - Loading from cache: /assets/sounds/swing.wav
14:51:17.471 [JavaFX Application Thread] DEBUG AssetLoader          - Loading from cache: /assets/sounds/swing2.wav
14:51:17.637 [JavaFX Application Thread] DEBUG AssetLoader          - Loading from cache: /assets/sounds/swing3.wav
14:51:17.783 [JavaFX Application Thread] DEBUG AssetLoader          - Loading from cache: /assets/sounds/swing2.wav
14:51:17.942 [JavaFX Application Thread] DEBUG AssetLoader          - Loading from cache: /assets/sounds/swing.wav
14:51:18.103 [JavaFX Application Thread] DEBUG AssetLoader          - Loading from cache: /assets/sounds/swing3.wav
14:51:18.104 [JavaFX Application Thread] DEBUG AssetLoader          - Loading from cache: /assets/sounds/HORNHIT2.wav
14:51:18.247 [JavaFX Application Thread] DEBUG AssetLoader          - Loading from cache: /assets/sounds/swing.wav
14:51:18.404 [JavaFX Application Thread] DEBUG AssetLoader          - Loading from cache: /assets/sounds/swing2.wav
14:51:18.571 [JavaFX Application Thread] DEBUG AssetLoader          - Loading from cache: /assets/sounds/swing2.wav
14:51:18.737 [JavaFX Application Thread] DEBUG AssetLoader          - Loading from cache: /assets/sounds/swing.wav
14:51:18.884 [JavaFX Application Thread] DEBUG AssetLoader          - Loading from cache: /assets/sounds/swing3.wav
14:51:18.952 [JavaFX Application Thread] DEBUG AssetLoader          - Loading from cache: /assets/sounds/HORNHIT3.wav
14:51:19.019 [JavaFX Application Thread] DEBUG AssetLoader          - Loading from cache: /assets/sounds/swing3.wav
14:51:19.151 [JavaFX Application Thread] DEBUG AssetLoader          - Loading from cache: /assets/sounds/swing2.wav
14:51:20.102 [JavaFX Application Thread] DEBUG AssetLoader          - Loading from cache: /assets/sounds/swing3.wav
14:51:20.105 [JavaFX Application Thread] DEBUG AssetLoader          - Loading from cache: /assets/sounds/HORNDIE2.wav
14:51:20.235 [JavaFX Application Thread] DEBUG AssetLoader          - Loading from cache: /assets/sounds/swing3.wav
14:51:20.999 [JavaFX Application Thread] DEBUG AssetLoader          - Loading from cache: /assets/sounds/swing.wav
14:51:21.000 [JavaFX Application Thread] DEBUG AssetLoader          - Loading from file system: /assets/sounds/IMPHIT2.wav
14:51:21.138 [JavaFX Application Thread] DEBUG AssetLoader          - Loading from cache: /assets/sounds/swing2.wav
14:51:21.668 [JavaFX Application Thread] DEBUG AssetLoader          - Loading from cache: /assets/sounds/swing.wav
14:51:21.796 [JavaFX Application Thread] DEBUG AssetLoader          - Loading from cache: /assets/sounds/swing.wav
14:51:21.848 [JavaFX Application Thread] DEBUG AssetLoader          - Loading from file system: /assets/sounds/MAN2HIT2.wav
14:51:21.879 [JavaFX Application Thread] DEBUG AssetLoader          - Loading from cache: /assets/sounds/IMPDIE2.wav
14:51:23.234 [JavaFX Application Thread] DEBUG AssetLoader          - Loading from cache: /assets/sounds/swing2.wav
14:51:23.240 [JavaFX Application Thread] DEBUG AssetLoader          - Loading from cache: /assets/sounds/IMPHIT3.wav
14:51:23.374 [JavaFX Application Thread] DEBUG AssetLoader          - Loading from cache: /assets/sounds/swing3.wav
14:51:23.824 [JavaFX Application Thread] DEBUG AssetLoader          - Loading from cache: /assets/sounds/swing3.wav
14:51:23.958 [JavaFX Application Thread] DEBUG AssetLoader          - Loading from cache: /assets/sounds/swing.wav
14:51:24.157 [JavaFX Application Thread] DEBUG AssetLoader          - Loading from cache: /assets/sounds/swing2.wav
14:51:24.167 [JavaFX Application Thread] DEBUG AssetLoader          - Loading from cache: /assets/sounds/IMPDIE2.wav
14:51:24.326 [JavaFX Application Thread] DEBUG AssetLoader          - Loading from cache: /assets/sounds/swing.wav
14:51:26.696 [JavaFX Application Thread] DEBUG AssetLoader          - Loading from file system: /assets/levels/dungeon2.tmx
14:51:26.700 [JavaFX Application Thread] WARN  TMXLevelLoader       - TiledMap generated from 1.3.1. Supported version: 1.2.3. Some features may not be parsed fully.
14:51:26.702 [JavaFX Application Thread] DEBUG TMXLevelLoader       - Parsed raw map: TiledMap(width=15, height=10, tilewidth=64, tileheight=64, orientation=orthogonal, layers=[Layer(width=15, height=10, name=Tile Layer 1, type=tilelayer, visible=false, x=0, y=0, data=[130, 131, 132, 130, 131, 132, 130, 131, 132, 0, 0, 0, 0, 0, 0, 162, 163, 164, 162, 163, 164, 162, 163, 164, 0, 0, 0, 0, 0, 0, 194, 195, 196, 194, 195, 196, 194, 195, 196, 0, 0, 0, 0, 0, 0, 130, 131, 132, 130, 131, 132, 130, 131, 132, 0, 0, 0, 0, 0, 0, 162, 163, 164, 162, 163, 164, 162, 163, 164, 0, 0, 0, 0, 0, 0, 194, 195, 196, 194, 195, 196, 194, 195, 196, 97, 0, 0, 0, 0, 0, 130, 131, 132, 130, 131, 132, 130, 131, 132, 0, 0, 0, 0, 0, 0, 162, 163, 164, 162, 163, 164, 162, 163, 164, 0, 0, 0, 0, 0, 0, 194, 195, 196, 194, 195, 196, 194, 195, 196, 0, 0, 0, 0, 0, 0, 0, 0, 0, 0, 0, 0, 0, 0, 0, 0, 0, 0, 0, 0, 0], objects=[], opacity=0.0, draworder=)], tilesets=[Tileset(firstgid=1, image=0x72_DungeonTilesetII_v1.3 - Copy.png, name=0x72_DungeonTilesetII_v1.3 - Copy, tilewidth=64, tileheight=64, imagewidth=2048, imageheight=2048, margin=0, spacing=0, columns=32, tilecount=1024, transparentcolor=)], backgroundcolor=, renderorder=right-down, nextobjectid=1, version=1, tiledversion=1.3.1, type=map, infinite=false, properties={}, propertytypes={})
14:51:26.702 [JavaFX Application Thread] DEBUG TMXLevelLoader       - Creating tile layer entities
14:51:26.702 [JavaFX Application Thread] DEBUG TilesetLoader        - Loading view for layer Tile Layer 1
14:51:26.702 [JavaFX Application Thread] DEBUG TilesetLoader        - Created buffer with size 960.0x640.0
14:51:26.753 [JavaFX Application Thread] DEBUG TilesetLoader        - Writing to buffer: dst=0,0, w=64,h=64, src=64,256
14:51:26.753 [JavaFX Application Thread] DEBUG TilesetLoader        - Writing to buffer: dst=64,0, w=64,h=64, src=128,256
14:51:26.753 [JavaFX Application Thread] DEBUG TilesetLoader        - Writing to buffer: dst=128,0, w=64,h=64, src=192,256
14:51:26.753 [JavaFX Application Thread] DEBUG TilesetLoader        - Writing to buffer: dst=192,0, w=64,h=64, src=64,256
14:51:26.753 [JavaFX Application Thread] DEBUG TilesetLoader        - Writing to buffer: dst=256,0, w=64,h=64, src=128,256
14:51:26.753 [JavaFX Application Thread] DEBUG TilesetLoader        - Writing to buffer: dst=320,0, w=64,h=64, src=192,256
14:51:26.753 [JavaFX Application Thread] DEBUG TilesetLoader        - Writing to buffer: dst=384,0, w=64,h=64, src=64,256
14:51:26.753 [JavaFX Application Thread] DEBUG TilesetLoader        - Writing to buffer: dst=448,0, w=64,h=64, src=128,256
14:51:26.753 [JavaFX Application Thread] DEBUG TilesetLoader        - Writing to buffer: dst=512,0, w=64,h=64, src=192,256
14:51:26.753 [JavaFX Application Thread] DEBUG TilesetLoader        - Writing to buffer: dst=0,64, w=64,h=64, src=64,320
14:51:26.753 [JavaFX Application Thread] DEBUG TilesetLoader        - Writing to buffer: dst=64,64, w=64,h=64, src=128,320
14:51:26.753 [JavaFX Application Thread] DEBUG TilesetLoader        - Writing to buffer: dst=128,64, w=64,h=64, src=192,320
14:51:26.753 [JavaFX Application Thread] DEBUG TilesetLoader        - Writing to buffer: dst=192,64, w=64,h=64, src=64,320
14:51:26.753 [JavaFX Application Thread] DEBUG TilesetLoader        - Writing to buffer: dst=256,64, w=64,h=64, src=128,320
14:51:26.753 [JavaFX Application Thread] DEBUG TilesetLoader        - Writing to buffer: dst=320,64, w=64,h=64, src=192,320
14:51:26.753 [JavaFX Application Thread] DEBUG TilesetLoader        - Writing to buffer: dst=384,64, w=64,h=64, src=64,320
14:51:26.753 [JavaFX Application Thread] DEBUG TilesetLoader        - Writing to buffer: dst=448,64, w=64,h=64, src=128,320
14:51:26.753 [JavaFX Application Thread] DEBUG TilesetLoader        - Writing to buffer: dst=512,64, w=64,h=64, src=192,320
14:51:26.753 [JavaFX Application Thread] DEBUG TilesetLoader        - Writing to buffer: dst=0,128, w=64,h=64, src=64,384
14:51:26.753 [JavaFX Application Thread] DEBUG TilesetLoader        - Writing to buffer: dst=64,128, w=64,h=64, src=128,384
14:51:26.754 [JavaFX Application Thread] DEBUG TilesetLoader        - Writing to buffer: dst=128,128, w=64,h=64, src=192,384
14:51:26.754 [JavaFX Application Thread] DEBUG TilesetLoader        - Writing to buffer: dst=192,128, w=64,h=64, src=64,384
14:51:26.754 [JavaFX Application Thread] DEBUG TilesetLoader        - Writing to buffer: dst=256,128, w=64,h=64, src=128,384
14:51:26.754 [JavaFX Application Thread] DEBUG TilesetLoader        - Writing to buffer: dst=320,128, w=64,h=64, src=192,384
14:51:26.754 [JavaFX Application Thread] DEBUG TilesetLoader        - Writing to buffer: dst=384,128, w=64,h=64, src=64,384
14:51:26.754 [JavaFX Application Thread] DEBUG TilesetLoader        - Writing to buffer: dst=448,128, w=64,h=64, src=128,384
14:51:26.754 [JavaFX Application Thread] DEBUG TilesetLoader        - Writing to buffer: dst=512,128, w=64,h=64, src=192,384
14:51:26.754 [JavaFX Application Thread] DEBUG TilesetLoader        - Writing to buffer: dst=0,192, w=64,h=64, src=64,256
14:51:26.754 [JavaFX Application Thread] DEBUG TilesetLoader        - Writing to buffer: dst=64,192, w=64,h=64, src=128,256
14:51:26.754 [JavaFX Application Thread] DEBUG TilesetLoader        - Writing to buffer: dst=128,192, w=64,h=64, src=192,256
14:51:26.754 [JavaFX Application Thread] DEBUG TilesetLoader        - Writing to buffer: dst=192,192, w=64,h=64, src=64,256
14:51:26.754 [JavaFX Application Thread] DEBUG TilesetLoader        - Writing to buffer: dst=256,192, w=64,h=64, src=128,256
14:51:26.754 [JavaFX Application Thread] DEBUG TilesetLoader        - Writing to buffer: dst=320,192, w=64,h=64, src=192,256
14:51:26.754 [JavaFX Application Thread] DEBUG TilesetLoader        - Writing to buffer: dst=384,192, w=64,h=64, src=64,256
14:51:26.754 [JavaFX Application Thread] DEBUG TilesetLoader        - Writing to buffer: dst=448,192, w=64,h=64, src=128,256
14:51:26.754 [JavaFX Application Thread] DEBUG TilesetLoader        - Writing to buffer: dst=512,192, w=64,h=64, src=192,256
14:51:26.754 [JavaFX Application Thread] DEBUG TilesetLoader        - Writing to buffer: dst=0,256, w=64,h=64, src=64,320
14:51:26.754 [JavaFX Application Thread] DEBUG TilesetLoader        - Writing to buffer: dst=64,256, w=64,h=64, src=128,320
14:51:26.754 [JavaFX Application Thread] DEBUG TilesetLoader        - Writing to buffer: dst=128,256, w=64,h=64, src=192,320
14:51:26.754 [JavaFX Application Thread] DEBUG TilesetLoader        - Writing to buffer: dst=192,256, w=64,h=64, src=64,320
14:51:26.754 [JavaFX Application Thread] DEBUG TilesetLoader        - Writing to buffer: dst=256,256, w=64,h=64, src=128,320
14:51:26.754 [JavaFX Application Thread] DEBUG TilesetLoader        - Writing to buffer: dst=320,256, w=64,h=64, src=192,320
14:51:26.754 [JavaFX Application Thread] DEBUG TilesetLoader        - Writing to buffer: dst=384,256, w=64,h=64, src=64,320
14:51:26.754 [JavaFX Application Thread] DEBUG TilesetLoader        - Writing to buffer: dst=448,256, w=64,h=64, src=128,320
14:51:26.754 [JavaFX Application Thread] DEBUG TilesetLoader        - Writing to buffer: dst=512,256, w=64,h=64, src=192,320
14:51:26.754 [JavaFX Application Thread] DEBUG TilesetLoader        - Writing to buffer: dst=0,320, w=64,h=64, src=64,384
14:51:26.754 [JavaFX Application Thread] DEBUG TilesetLoader        - Writing to buffer: dst=64,320, w=64,h=64, src=128,384
14:51:26.754 [JavaFX Application Thread] DEBUG TilesetLoader        - Writing to buffer: dst=128,320, w=64,h=64, src=192,384
14:51:26.754 [JavaFX Application Thread] DEBUG TilesetLoader        - Writing to buffer: dst=192,320, w=64,h=64, src=64,384
14:51:26.754 [JavaFX Application Thread] DEBUG TilesetLoader        - Writing to buffer: dst=256,320, w=64,h=64, src=128,384
14:51:26.754 [JavaFX Application Thread] DEBUG TilesetLoader        - Writing to buffer: dst=320,320, w=64,h=64, src=192,384
14:51:26.754 [JavaFX Application Thread] DEBUG TilesetLoader        - Writing to buffer: dst=384,320, w=64,h=64, src=64,384
14:51:26.754 [JavaFX Application Thread] DEBUG TilesetLoader        - Writing to buffer: dst=448,320, w=64,h=64, src=128,384
14:51:26.754 [JavaFX Application Thread] DEBUG TilesetLoader        - Writing to buffer: dst=512,320, w=64,h=64, src=192,384
14:51:26.754 [JavaFX Application Thread] DEBUG TilesetLoader        - Writing to buffer: dst=576,320, w=64,h=64, src=0,192
14:51:26.754 [JavaFX Application Thread] DEBUG TilesetLoader        - Writing to buffer: dst=0,384, w=64,h=64, src=64,256
14:51:26.754 [JavaFX Application Thread] DEBUG TilesetLoader        - Writing to buffer: dst=64,384, w=64,h=64, src=128,256
14:51:26.754 [JavaFX Application Thread] DEBUG TilesetLoader        - Writing to buffer: dst=128,384, w=64,h=64, src=192,256
14:51:26.754 [JavaFX Application Thread] DEBUG TilesetLoader        - Writing to buffer: dst=192,384, w=64,h=64, src=64,256
14:51:26.754 [JavaFX Application Thread] DEBUG TilesetLoader        - Writing to buffer: dst=256,384, w=64,h=64, src=128,256
14:51:26.754 [JavaFX Application Thread] DEBUG TilesetLoader        - Writing to buffer: dst=320,384, w=64,h=64, src=192,256
14:51:26.754 [JavaFX Application Thread] DEBUG TilesetLoader        - Writing to buffer: dst=384,384, w=64,h=64, src=64,256
14:51:26.755 [JavaFX Application Thread] DEBUG TilesetLoader        - Writing to buffer: dst=448,384, w=64,h=64, src=128,256
14:51:26.755 [JavaFX Application Thread] DEBUG TilesetLoader        - Writing to buffer: dst=512,384, w=64,h=64, src=192,256
14:51:26.755 [JavaFX Application Thread] DEBUG TilesetLoader        - Writing to buffer: dst=0,448, w=64,h=64, src=64,320
14:51:26.755 [JavaFX Application Thread] DEBUG TilesetLoader        - Writing to buffer: dst=64,448, w=64,h=64, src=128,320
14:51:26.755 [JavaFX Application Thread] DEBUG TilesetLoader        - Writing to buffer: dst=128,448, w=64,h=64, src=192,320
14:51:26.755 [JavaFX Application Thread] DEBUG TilesetLoader        - Writing to buffer: dst=192,448, w=64,h=64, src=64,320
14:51:26.755 [JavaFX Application Thread] DEBUG TilesetLoader        - Writing to buffer: dst=256,448, w=64,h=64, src=128,320
14:51:26.755 [JavaFX Application Thread] DEBUG TilesetLoader        - Writing to buffer: dst=320,448, w=64,h=64, src=192,320
14:51:26.755 [JavaFX Application Thread] DEBUG TilesetLoader        - Writing to buffer: dst=384,448, w=64,h=64, src=64,320
14:51:26.755 [JavaFX Application Thread] DEBUG TilesetLoader        - Writing to buffer: dst=448,448, w=64,h=64, src=128,320
14:51:26.755 [JavaFX Application Thread] DEBUG TilesetLoader        - Writing to buffer: dst=512,448, w=64,h=64, src=192,320
14:51:26.755 [JavaFX Application Thread] DEBUG TilesetLoader        - Writing to buffer: dst=0,512, w=64,h=64, src=64,384
14:51:26.755 [JavaFX Application Thread] DEBUG TilesetLoader        - Writing to buffer: dst=64,512, w=64,h=64, src=128,384
14:51:26.755 [JavaFX Application Thread] DEBUG TilesetLoader        - Writing to buffer: dst=128,512, w=64,h=64, src=192,384
14:51:26.755 [JavaFX Application Thread] DEBUG TilesetLoader        - Writing to buffer: dst=192,512, w=64,h=64, src=64,384
14:51:26.755 [JavaFX Application Thread] DEBUG TilesetLoader        - Writing to buffer: dst=256,512, w=64,h=64, src=128,384
14:51:26.755 [JavaFX Application Thread] DEBUG TilesetLoader        - Writing to buffer: dst=320,512, w=64,h=64, src=192,384
14:51:26.755 [JavaFX Application Thread] DEBUG TilesetLoader        - Writing to buffer: dst=384,512, w=64,h=64, src=64,384
14:51:26.755 [JavaFX Application Thread] DEBUG TilesetLoader        - Writing to buffer: dst=448,512, w=64,h=64, src=128,384
14:51:26.755 [JavaFX Application Thread] DEBUG TilesetLoader        - Writing to buffer: dst=512,512, w=64,h=64, src=192,384
14:51:26.755 [JavaFX Application Thread] DEBUG TMXLevelLoader       - Creating object layer entities
14:51:26.755 [JavaFX Application Thread] DEBUG GameWorld            - Clearing removable entities
14:51:26.758 [JavaFX Application Thread] DEBUG GameWorld            - Setting level: com.almasb.fxgl.entity.level.Level@fecb6ab
14:51:32.919 [JavaFX Application Thread] DEBUG Engine               - Exiting FXGL
14:51:32.919 [JavaFX Application Thread] DEBUG Engine               - Shutting down background threads
14:51:32.919 [JavaFX Application Thread] DEBUG Engine               - Saving FXGL system data
14:51:32.921 [JavaFX Application Thread] DEBUG FSServiceImpl        - Writing to: C:\Users\Ben\OneDrive\IdeaProjects\Games\Dungeon Crawler\system\fxgl.bundle
14:51:32.923 [JavaFX Application Thread] DEBUG Engine               - Closing logger and exiting JavaFX
